Removed Pin From Net: NetName=NetJP4_9 Pin=K2-4
Removed Pin From Net: NetName=NetJP4_8 Pin=K3-4
Removed Pin From Net: NetName=NetJP4_7 Pin=K4-4
Removed Pin From Net: NetName=NetJP4_6 Pin=K5-4
Removed Pin From Net: NetName=NetJP5_5 Pin=K5-9
Removed Pin From Net: NetName=NetJP4_5 Pin=K6-4
Removed Pin From Net: NetName=NetJP5_6 Pin=K6-9
Removed Pin From Net: NetName=NetJP4_4 Pin=K7-4
Removed Pin From Net: NetName=NetJP4_3 Pin=K8-4
Removed Pin From Net: NetName=NetJP5_8 Pin=K8-9
Removed Pin From Net: NetName=NetJP4_2 Pin=K9-4
Removed Pin From Net: NetName=NetJP4_1 Pin=K10-4
Added Pin To Net: NetName=NetJP4_3 Pin=JP5-1
Added Pin To Net: NetName=NetJP4_3 Pin=JP5-1
Added Pin To Net: NetName=NetJP4_4 Pin=JP5-2
Added Pin To Net: NetName=NetJP4_4 Pin=JP5-2
Added Pin To Net: NetName=NetJP4_1 Pin=JP5-3
Added Pin To Net: NetName=NetJP4_1 Pin=JP5-3
Added Pin To Net: NetName=NetJP4_2 Pin=JP5-4
Added Pin To Net: NetName=NetJP4_2 Pin=JP5-4
Added Pin To Net: NetName=NetJP5_5 Pin=JP5-9
Added Pin To Net: NetName=NetJP5_5 Pin=JP5-9
Added Pin To Net: NetName=NetJP5_6 Pin=JP5-10
Added Pin To Net: NetName=NetJP5_6 Pin=JP5-10
Added Pin To Net: NetName=NetJP4_9 Pin=K1-9
Added Pin To Net: NetName=NetJP4_8 Pin=K2-4
Added Pin To Net: NetName=NetJP4_7 Pin=K2-9
Added Pin To Net: NetName=NetJP4_6 Pin=K3-4
Added Pin To Net: NetName=NetJP4_5 Pin=K3-9
Added Pin To Net: NetName=NetJP4_4 Pin=K4-4
Added Pin To Net: NetName=NetJP4_3 Pin=K4-9
Added Pin To Net: NetName=NetJP4_2 Pin=K5-4
Added Pin To Net: NetName=NetJP4_1 Pin=K5-9
Added Pin To Net: NetName=NetJP5_6 Pin=K6-4
Added Pin To Net: NetName=NetJP5_5 Pin=K6-9
Added Pin To Net: NetName=NetJP5_8 Pin=K7-4
Added Pin To Net: NetName=NetK8_4 Pin=K8-4
Added Net: Name=NetK8_4
Added Pin To Net: NetName=NetK8_9 Pin=K8-9
Added Net: Name=NetK8_9
Added Pin To Net: NetName=NetK9_4 Pin=K9-4
Added Net: Name=NetK9_4
Added Pin To Net: NetName=NetK9_9 Pin=K9-9
Added Net: Name=NetK9_9
Added Pin To Net: NetName=NetK10_4 Pin=K10-4
Added Net: Name=NetK10_4
Added Pin To Net: NetName=NetK10_9 Pin=K10-9
Added Net: Name=NetK10_9
