Removed Pin From Net: NetName=NetIC1_16 Pin=P?-22
Removed Pin From Net: NetName=NetIC1_15 Pin=P?-24
Removed Pin From Net: NetName=NetIC1_14 Pin=P?-26
Removed Pin From Net: NetName=NetIC1_13 Pin=P?-28
Removed Pin From Net: NetName=NetIC1_12 Pin=P?-30
Removed Pin From Net: NetName=NetIC1_11 Pin=P?-32
Removed Pin From Net: NetName=NetIC1_10 Pin=P?-34
Removed Pin From Net: NetName=NetIC2_16 Pin=P?-36
Removed Pin From Net: NetName=NetIC2_15 Pin=P?-38
Removed Pin From Net: NetName=NetIC2_14 Pin=P?-40
Removed Pin From Net: NetName=NetIC2_13 Pin=P?-42
Removed Pin From Net: NetName=NetIC2_12 Pin=P?-44
Removed Pin From Net: NetName=NetIC2_11 Pin=P?-46
Removed Pin From Net: NetName=NetIC2_10 Pin=P?-48
Added Pin To Net: NetName=NetIC1_1 Pin=P?-22
Added Pin To Net: NetName=NetIC1_2 Pin=P?-24
Added Pin To Net: NetName=NetIC1_3 Pin=P?-26
Added Pin To Net: NetName=NetIC1_4 Pin=P?-28
Added Pin To Net: NetName=NetIC1_5 Pin=P?-30
Added Pin To Net: NetName=NetIC1_6 Pin=P?-32
Added Pin To Net: NetName=NetIC1_7 Pin=P?-34
Added Pin To Net: NetName=NetIC2_1 Pin=P?-36
Added Pin To Net: NetName=NetIC2_2 Pin=P?-38
Added Pin To Net: NetName=NetIC2_3 Pin=P?-40
Added Pin To Net: NetName=NetIC2_4 Pin=P?-42
Added Pin To Net: NetName=NetIC2_5 Pin=P?-44
Added Pin To Net: NetName=NetIC2_6 Pin=P?-46
Added Pin To Net: NetName=NetIC2_7 Pin=P?-48
Added Pin To Net: NetName=NetR12_1 Pin=R12-1
Added Pin To Net: NetName=NetR12_1 Pin=X01-4
Added Net: Name=NetR12_1
Added Pin To Net: NetName=NetR13_1 Pin=R13-1
Added Pin To Net: NetName=NetR13_1 Pin=X06-4
Added Net: Name=NetR13_1
Added Pin To Net: NetName=NetR23_1 Pin=R23-1
Added Pin To Net: NetName=NetR23_1 Pin=X02-4
Added Net: Name=NetR23_1
Added Pin To Net: NetName=NetR24_1 Pin=R24-1
Added Pin To Net: NetName=NetR24_1 Pin=X07-4
Added Net: Name=NetR24_1
Added Pin To Net: NetName=NetR31_1 Pin=R31-1
Added Pin To Net: NetName=NetR31_1 Pin=X03-4
Added Net: Name=NetR31_1
Added Pin To Net: NetName=NetR32_1 Pin=R32-1
Added Pin To Net: NetName=NetR32_1 Pin=X08-4
Added Net: Name=NetR32_1
Added Pin To Net: NetName=NetR39_1 Pin=R39-1
Added Pin To Net: NetName=NetR39_1 Pin=X04-4
Added Net: Name=NetR39_1
Added Pin To Net: NetName=NetR40_1 Pin=R40-1
Added Pin To Net: NetName=NetR40_1 Pin=X09-4
Added Net: Name=NetR40_1
Added Pin To Net: NetName=NetR47_1 Pin=R47-1
Added Pin To Net: NetName=NetR47_1 Pin=X05-4
Added Net: Name=NetR47_1
Added Room: Name=Controller_Writting
