Replace Part C1 CN-ALU-SMD in D:\1. PROJECT\2. PCB Controller Board\Controller_SCH\Controller_Writting.SchDoc with CN-ALU-SMD from My Library.SchLib
Replace Part C2 CapCeramic in D:\1. PROJECT\2. PCB Controller Board\Controller_SCH\Controller_Writting.SchDoc with CapCeramic from My Library.SchLib
Replace Part C3 CN-ALU-SMD in D:\1. PROJECT\2. PCB Controller Board\Controller_SCH\Controller_Writting.SchDoc with CN-ALU-SMD from My Library.SchLib
Replace Part C4 Cap Pol 12mm in D:\1. PROJECT\2. PCB Controller Board\Controller_SCH\Controller_Writting.SchDoc with Cap Pol 12mm from My Library.SchLib
Replace Part C5 CapCeramic in D:\1. PROJECT\2. PCB Controller Board\Controller_SCH\Controller_Writting.SchDoc with CapCeramic from My Library.SchLib
Replace Part C6 CapCeramic in D:\1. PROJECT\2. PCB Controller Board\Controller_SCH\Controller_Writting.SchDoc with CapCeramic from My Library.SchLib
Replace Part C7 CapCeramic in D:\1. PROJECT\2. PCB Controller Board\Controller_SCH\Controller_Writting.SchDoc with CapCeramic from My Library.SchLib
Replace Part C8 CapCeramic in D:\1. PROJECT\2. PCB Controller Board\Controller_SCH\Controller_Writting.SchDoc with CapCeramic from My Library.SchLib
Replace Part C9 CapCeramic in D:\1. PROJECT\2. PCB Controller Board\Controller_SCH\Controller_Writting.SchDoc with CapCeramic from My Library.SchLib
Replace Part C10 CapCeramic in D:\1. PROJECT\2. PCB Controller Board\Controller_SCH\Controller_Writting.SchDoc with CapCeramic from My Library.SchLib
Replace Part C11 CapCeramic in D:\1. PROJECT\2. PCB Controller Board\Controller_SCH\Controller_Writting.SchDoc with CapCeramic from My Library.SchLib
Replace Part C12 CapCeramic in D:\1. PROJECT\2. PCB Controller Board\Controller_SCH\Controller_Writting.SchDoc with CapCeramic from My Library.SchLib
Replace Part C13 CapCeramic in D:\1. PROJECT\2. PCB Controller Board\Controller_SCH\Controller_Writting.SchDoc with CapCeramic from My Library.SchLib
Replace Part C14 CapCeramic in D:\1. PROJECT\2. PCB Controller Board\Controller_SCH\Controller_Writting.SchDoc with CapCeramic from My Library.SchLib
Replace Part C15 CapCeramic in D:\1. PROJECT\2. PCB Controller Board\Controller_SCH\Controller_Writting.SchDoc with CapCeramic from My Library.SchLib
Replace Part C16 CapCeramic in D:\1. PROJECT\2. PCB Controller Board\Controller_SCH\Controller_Writting.SchDoc with CapCeramic from My Library.SchLib
Replace Part C17 CapCeramic in D:\1. PROJECT\2. PCB Controller Board\Controller_SCH\Controller_Writting.SchDoc with CapCeramic from My Library.SchLib
Replace Part CN1 Terminal KF142-5.08-10-R in D:\1. PROJECT\2. PCB Controller Board\Controller_SCH\Controller_Writting.SchDoc with Terminal KF142-5.08-10-R from Terminal KF142-5.08-9_10-R.SchLib
Replace Part CN2 Terminal KF142-5.08-10-R in D:\1. PROJECT\2. PCB Controller Board\Controller_SCH\Controller_Writting.SchDoc with Terminal KF142-5.08-10-R from Terminal KF142-5.08-9_10-R.SchLib
Replace Part CN3 Terminal KF142-5.08-10-R in D:\1. PROJECT\2. PCB Controller Board\Controller_SCH\Controller_Writting.SchDoc with Terminal KF142-5.08-10-R from Terminal KF142-5.08-9_10-R.SchLib
Replace Part CN4 Terminal KF142-5.08-10-R in D:\1. PROJECT\2. PCB Controller Board\Controller_SCH\Controller_Writting.SchDoc with Terminal KF142-5.08-10-R from Terminal KF142-5.08-9_10-R.SchLib
Replace Part CN5 Terminal KF142-5.08-10-R in D:\1. PROJECT\2. PCB Controller Board\Controller_SCH\Controller_Writting.SchDoc with Terminal KF142-5.08-10-R from Terminal KF142-5.08-9_10-R.SchLib
Replace Part CN6 Terminal KF142-5.08-10-R in D:\1. PROJECT\2. PCB Controller Board\Controller_SCH\Controller_Writting.SchDoc with Terminal KF142-5.08-10-R from Terminal KF142-5.08-9_10-R.SchLib
Replace Part CN7 Terminal KF142-5.08-10-R in D:\1. PROJECT\2. PCB Controller Board\Controller_SCH\Controller_Writting.SchDoc with Terminal KF142-5.08-10-R from Terminal KF142-5.08-9_10-R.SchLib
Replace Part D1 Diode SMD in D:\1. PROJECT\2. PCB Controller Board\Controller_SCH\Controller_Writting.SchDoc with Diode SMD from My Library.SchLib
Replace Part D3 1N5822 in D:\1. PROJECT\2. PCB Controller Board\Controller_SCH\Controller_Writting.SchDoc with 1N5822 from My Library.SchLib
Replace Part IC1 ULN2003A in D:\1. PROJECT\2. PCB Controller Board\Controller_SCH\Controller_Writting.SchDoc with ULN2003A from My Library.SchLib
Replace Part IC2 ULN2003A in D:\1. PROJECT\2. PCB Controller Board\Controller_SCH\Controller_Writting.SchDoc with ULN2003A from My Library.SchLib
Replace Part JUMP_0V SWDIP10 in D:\1. PROJECT\2. PCB Controller Board\Controller_SCH\Controller_Writting.SchDoc with SWDIP10 from My Library.SchLib
Replace Part JUMP_24V SWDIP10 in D:\1. PROJECT\2. PCB Controller Board\Controller_SCH\Controller_Writting.SchDoc with SWDIP10 from My Library.SchLib
Replace Part L1 L-SMD-1 in D:\1. PROJECT\2. PCB Controller Board\Controller_SCH\Controller_Writting.SchDoc with L-SMD-1 from My Library.SchLib
Replace Part L_PWR LED SMD in D:\1. PROJECT\2. PCB Controller Board\Controller_SCH\Controller_Writting.SchDoc with LED SMD from My Library.SchLib
Replace Part LX01 LED SMD in D:\1. PROJECT\2. PCB Controller Board\Controller_SCH\Controller_Writting.SchDoc with LED SMD from My Library.SchLib
Replace Part LX02 LED SMD in D:\1. PROJECT\2. PCB Controller Board\Controller_SCH\Controller_Writting.SchDoc with LED SMD from My Library.SchLib
Replace Part LX03 LED SMD in D:\1. PROJECT\2. PCB Controller Board\Controller_SCH\Controller_Writting.SchDoc with LED SMD from My Library.SchLib
Replace Part LX04 LED SMD in D:\1. PROJECT\2. PCB Controller Board\Controller_SCH\Controller_Writting.SchDoc with LED SMD from My Library.SchLib
Replace Part LX05 LED SMD in D:\1. PROJECT\2. PCB Controller Board\Controller_SCH\Controller_Writting.SchDoc with LED SMD from My Library.SchLib
Replace Part LX06 LED SMD in D:\1. PROJECT\2. PCB Controller Board\Controller_SCH\Controller_Writting.SchDoc with LED SMD from My Library.SchLib
Replace Part LX07 LED SMD in D:\1. PROJECT\2. PCB Controller Board\Controller_SCH\Controller_Writting.SchDoc with LED SMD from My Library.SchLib
Replace Part LX08 LED SMD in D:\1. PROJECT\2. PCB Controller Board\Controller_SCH\Controller_Writting.SchDoc with LED SMD from My Library.SchLib
Replace Part LX09 LED SMD in D:\1. PROJECT\2. PCB Controller Board\Controller_SCH\Controller_Writting.SchDoc with LED SMD from My Library.SchLib
Replace Part LX10 LED SMD in D:\1. PROJECT\2. PCB Controller Board\Controller_SCH\Controller_Writting.SchDoc with LED SMD from My Library.SchLib
Replace Part LY01 LED SMD in D:\1. PROJECT\2. PCB Controller Board\Controller_SCH\Controller_Writting.SchDoc with LED SMD from My Library.SchLib
Replace Part LY02 LED SMD in D:\1. PROJECT\2. PCB Controller Board\Controller_SCH\Controller_Writting.SchDoc with LED SMD from My Library.SchLib
Replace Part LY03 LED SMD in D:\1. PROJECT\2. PCB Controller Board\Controller_SCH\Controller_Writting.SchDoc with LED SMD from My Library.SchLib
Replace Part LY04 LED SMD in D:\1. PROJECT\2. PCB Controller Board\Controller_SCH\Controller_Writting.SchDoc with LED SMD from My Library.SchLib
Replace Part LY05 LED SMD in D:\1. PROJECT\2. PCB Controller Board\Controller_SCH\Controller_Writting.SchDoc with LED SMD from My Library.SchLib
Replace Part LY06 LED SMD in D:\1. PROJECT\2. PCB Controller Board\Controller_SCH\Controller_Writting.SchDoc with LED SMD from My Library.SchLib
Replace Part LY07 LED SMD in D:\1. PROJECT\2. PCB Controller Board\Controller_SCH\Controller_Writting.SchDoc with LED SMD from My Library.SchLib
Replace Part LY08 LED SMD in D:\1. PROJECT\2. PCB Controller Board\Controller_SCH\Controller_Writting.SchDoc with LED SMD from My Library.SchLib
Replace Part LY09 LED SMD in D:\1. PROJECT\2. PCB Controller Board\Controller_SCH\Controller_Writting.SchDoc with LED SMD from My Library.SchLib
Replace Part LY10 LED SMD in D:\1. PROJECT\2. PCB Controller Board\Controller_SCH\Controller_Writting.SchDoc with LED SMD from My Library.SchLib
Replace Part LY11 LED SMD in D:\1. PROJECT\2. PCB Controller Board\Controller_SCH\Controller_Writting.SchDoc with LED SMD from My Library.SchLib
Replace Part LY12 LED SMD in D:\1. PROJECT\2. PCB Controller Board\Controller_SCH\Controller_Writting.SchDoc with LED SMD from My Library.SchLib
Replace Part LY13 LED SMD in D:\1. PROJECT\2. PCB Controller Board\Controller_SCH\Controller_Writting.SchDoc with LED SMD from My Library.SchLib
Replace Part LY14 LED SMD in D:\1. PROJECT\2. PCB Controller Board\Controller_SCH\Controller_Writting.SchDoc with LED SMD from My Library.SchLib
Replace Part MEGA ArduinoMega2560 in D:\1. PROJECT\2. PCB Controller Board\Controller_SCH\Controller_Writting.SchDoc with ArduinoMega2560 from ArduinoMega2560.SCHLIB
Replace Part R1 R2512 in D:\1. PROJECT\2. PCB Controller Board\Controller_SCH\Controller_Writting.SchDoc with R2512 from My Library.SchLib
Replace Part R2 R2512 in D:\1. PROJECT\2. PCB Controller Board\Controller_SCH\Controller_Writting.SchDoc with R2512 from My Library.SchLib
Replace Part R3 R2512 in D:\1. PROJECT\2. PCB Controller Board\Controller_SCH\Controller_Writting.SchDoc with R2512 from My Library.SchLib
Replace Part R4 R2512 in D:\1. PROJECT\2. PCB Controller Board\Controller_SCH\Controller_Writting.SchDoc with R2512 from My Library.SchLib
Replace Part R5 R2512 in D:\1. PROJECT\2. PCB Controller Board\Controller_SCH\Controller_Writting.SchDoc with R2512 from My Library.SchLib
Replace Part R6 R2512 in D:\1. PROJECT\2. PCB Controller Board\Controller_SCH\Controller_Writting.SchDoc with R2512 from My Library.SchLib
Replace Part R7 R2512 in D:\1. PROJECT\2. PCB Controller Board\Controller_SCH\Controller_Writting.SchDoc with R2512 from My Library.SchLib
Replace Part R8 R2512 in D:\1. PROJECT\2. PCB Controller Board\Controller_SCH\Controller_Writting.SchDoc with R2512 from My Library.SchLib
Replace Part R9 R2512 in D:\1. PROJECT\2. PCB Controller Board\Controller_SCH\Controller_Writting.SchDoc with R2512 from My Library.SchLib
Replace Part R10 R2512 in D:\1. PROJECT\2. PCB Controller Board\Controller_SCH\Controller_Writting.SchDoc with R2512 from My Library.SchLib
Replace Part R11 R2512 in D:\1. PROJECT\2. PCB Controller Board\Controller_SCH\Controller_Writting.SchDoc with R2512 from My Library.SchLib
Replace Part R12 R2512 in D:\1. PROJECT\2. PCB Controller Board\Controller_SCH\Controller_Writting.SchDoc with R2512 from My Library.SchLib
Replace Part R13 R2512 in D:\1. PROJECT\2. PCB Controller Board\Controller_SCH\Controller_Writting.SchDoc with R2512 from My Library.SchLib
Replace Part R14 R2512 in D:\1. PROJECT\2. PCB Controller Board\Controller_SCH\Controller_Writting.SchDoc with R2512 from My Library.SchLib
Replace Part R15 R0805 in D:\1. PROJECT\2. PCB Controller Board\Controller_SCH\Controller_Writting.SchDoc with R0805 from My Library.SchLib
Replace Part R16 R0805 in D:\1. PROJECT\2. PCB Controller Board\Controller_SCH\Controller_Writting.SchDoc with R0805 from My Library.SchLib
Replace Part R17 R2512 in D:\1. PROJECT\2. PCB Controller Board\Controller_SCH\Controller_Writting.SchDoc with R2512 from My Library.SchLib
Replace Part R18 R2512 in D:\1. PROJECT\2. PCB Controller Board\Controller_SCH\Controller_Writting.SchDoc with R2512 from My Library.SchLib
Replace Part R19 R0805 in D:\1. PROJECT\2. PCB Controller Board\Controller_SCH\Controller_Writting.SchDoc with R0805 from My Library.SchLib
Replace Part R20 R0805 in D:\1. PROJECT\2. PCB Controller Board\Controller_SCH\Controller_Writting.SchDoc with R0805 from My Library.SchLib
Replace Part R21 R2512 in D:\1. PROJECT\2. PCB Controller Board\Controller_SCH\Controller_Writting.SchDoc with R2512 from My Library.SchLib
Replace Part R22 R2512 in D:\1. PROJECT\2. PCB Controller Board\Controller_SCH\Controller_Writting.SchDoc with R2512 from My Library.SchLib
Replace Part R23 R0805 in D:\1. PROJECT\2. PCB Controller Board\Controller_SCH\Controller_Writting.SchDoc with R0805 from My Library.SchLib
Replace Part R24 R0805 in D:\1. PROJECT\2. PCB Controller Board\Controller_SCH\Controller_Writting.SchDoc with R0805 from My Library.SchLib
Replace Part R25 R2512 in D:\1. PROJECT\2. PCB Controller Board\Controller_SCH\Controller_Writting.SchDoc with R2512 from My Library.SchLib
Replace Part R26 R2512 in D:\1. PROJECT\2. PCB Controller Board\Controller_SCH\Controller_Writting.SchDoc with R2512 from My Library.SchLib
Replace Part R27 R0805 in D:\1. PROJECT\2. PCB Controller Board\Controller_SCH\Controller_Writting.SchDoc with R0805 from My Library.SchLib
Replace Part R28 R0805 in D:\1. PROJECT\2. PCB Controller Board\Controller_SCH\Controller_Writting.SchDoc with R0805 from My Library.SchLib
Replace Part R29 R2512 in D:\1. PROJECT\2. PCB Controller Board\Controller_SCH\Controller_Writting.SchDoc with R2512 from My Library.SchLib
Replace Part R30 R2512 in D:\1. PROJECT\2. PCB Controller Board\Controller_SCH\Controller_Writting.SchDoc with R2512 from My Library.SchLib
Replace Part R31 R0805 in D:\1. PROJECT\2. PCB Controller Board\Controller_SCH\Controller_Writting.SchDoc with R0805 from My Library.SchLib
Replace Part R32 R0805 in D:\1. PROJECT\2. PCB Controller Board\Controller_SCH\Controller_Writting.SchDoc with R0805 from My Library.SchLib
Replace Part R33 R2512 in D:\1. PROJECT\2. PCB Controller Board\Controller_SCH\Controller_Writting.SchDoc with R2512 from My Library.SchLib
Replace Part R34 R2512 in D:\1. PROJECT\2. PCB Controller Board\Controller_SCH\Controller_Writting.SchDoc with R2512 from My Library.SchLib
Replace Part R35 R0805 in D:\1. PROJECT\2. PCB Controller Board\Controller_SCH\Controller_Writting.SchDoc with R0805 from My Library.SchLib
Replace Part R36 R0805 in D:\1. PROJECT\2. PCB Controller Board\Controller_SCH\Controller_Writting.SchDoc with R0805 from My Library.SchLib
Replace Part R37 R0805 in D:\1. PROJECT\2. PCB Controller Board\Controller_SCH\Controller_Writting.SchDoc with R0805 from My Library.SchLib
Replace Part RL1 G6S-2-DC24 in D:\1. PROJECT\2. PCB Controller Board\Controller_SCH\Controller_Writting.SchDoc with G6S-2-DC24 from Relay_Omron_G6S-2.SchLib
Replace Part RL2 G6S-2-DC24 in D:\1. PROJECT\2. PCB Controller Board\Controller_SCH\Controller_Writting.SchDoc with G6S-2-DC24 from Relay_Omron_G6S-2.SchLib
Replace Part RL3 G6S-2-DC24 in D:\1. PROJECT\2. PCB Controller Board\Controller_SCH\Controller_Writting.SchDoc with G6S-2-DC24 from Relay_Omron_G6S-2.SchLib
Replace Part RL4 G6S-2-DC24 in D:\1. PROJECT\2. PCB Controller Board\Controller_SCH\Controller_Writting.SchDoc with G6S-2-DC24 from Relay_Omron_G6S-2.SchLib
Replace Part RL5 G6S-2-DC24 in D:\1. PROJECT\2. PCB Controller Board\Controller_SCH\Controller_Writting.SchDoc with G6S-2-DC24 from Relay_Omron_G6S-2.SchLib
Replace Part RL6 G6S-2-DC24 in D:\1. PROJECT\2. PCB Controller Board\Controller_SCH\Controller_Writting.SchDoc with G6S-2-DC24 from Relay_Omron_G6S-2.SchLib
Replace Part RL7 G6S-2-DC24 in D:\1. PROJECT\2. PCB Controller Board\Controller_SCH\Controller_Writting.SchDoc with G6S-2-DC24 from Relay_Omron_G6S-2.SchLib
Replace Part RL8 G6S-2-DC24 in D:\1. PROJECT\2. PCB Controller Board\Controller_SCH\Controller_Writting.SchDoc with G6S-2-DC24 from Relay_Omron_G6S-2.SchLib
Replace Part RL9 G6S-2-DC24 in D:\1. PROJECT\2. PCB Controller Board\Controller_SCH\Controller_Writting.SchDoc with G6S-2-DC24 from Relay_Omron_G6S-2.SchLib
Replace Part RL10 G6S-2-DC24 in D:\1. PROJECT\2. PCB Controller Board\Controller_SCH\Controller_Writting.SchDoc with G6S-2-DC24 from Relay_Omron_G6S-2.SchLib
Replace Part RL11 G6S-2-DC24 in D:\1. PROJECT\2. PCB Controller Board\Controller_SCH\Controller_Writting.SchDoc with G6S-2-DC24 from Relay_Omron_G6S-2.SchLib
Replace Part RL12 G6S-2-DC24 in D:\1. PROJECT\2. PCB Controller Board\Controller_SCH\Controller_Writting.SchDoc with G6S-2-DC24 from Relay_Omron_G6S-2.SchLib
Replace Part RL13 G6S-2-DC24 in D:\1. PROJECT\2. PCB Controller Board\Controller_SCH\Controller_Writting.SchDoc with G6S-2-DC24 from Relay_Omron_G6S-2.SchLib
Replace Part RL14 G6S-2-DC24 in D:\1. PROJECT\2. PCB Controller Board\Controller_SCH\Controller_Writting.SchDoc with G6S-2-DC24 from Relay_Omron_G6S-2.SchLib
Replace Part U6 SI-8008TMX in D:\1. PROJECT\2. PCB Controller Board\Controller_SCH\Controller_Writting.SchDoc with SI-8008TMX from SI-8008TMX.SchLib
Replace Part X01 PC817 in D:\1. PROJECT\2. PCB Controller Board\Controller_SCH\Controller_Writting.SchDoc with PC817 from My Library.SchLib
Replace Part X02 PC817 in D:\1. PROJECT\2. PCB Controller Board\Controller_SCH\Controller_Writting.SchDoc with PC817 from My Library.SchLib
Replace Part X03 PC817 in D:\1. PROJECT\2. PCB Controller Board\Controller_SCH\Controller_Writting.SchDoc with PC817 from My Library.SchLib
Replace Part X04 PC817 in D:\1. PROJECT\2. PCB Controller Board\Controller_SCH\Controller_Writting.SchDoc with PC817 from My Library.SchLib
Replace Part X05 PC817 in D:\1. PROJECT\2. PCB Controller Board\Controller_SCH\Controller_Writting.SchDoc with PC817 from My Library.SchLib
Replace Part X06 PC817 in D:\1. PROJECT\2. PCB Controller Board\Controller_SCH\Controller_Writting.SchDoc with PC817 from My Library.SchLib
Replace Part X07 PC817 in D:\1. PROJECT\2. PCB Controller Board\Controller_SCH\Controller_Writting.SchDoc with PC817 from My Library.SchLib
Replace Part X08 PC817 in D:\1. PROJECT\2. PCB Controller Board\Controller_SCH\Controller_Writting.SchDoc with PC817 from My Library.SchLib
Replace Part X09 PC817 in D:\1. PROJECT\2. PCB Controller Board\Controller_SCH\Controller_Writting.SchDoc with PC817 from My Library.SchLib
Replace Part X10 PC817 in D:\1. PROJECT\2. PCB Controller Board\Controller_SCH\Controller_Writting.SchDoc with PC817 from My Library.SchLib
