Change Component Footprint: Designator=L_PWR Old Footprint=LED 3512 New Footprint=LED-0805-Blue
Change Component Footprint: Designator=LY01 Old Footprint=LED 3512 New Footprint=LED-0805-Green
Change Component Footprint: Designator=LY02 Old Footprint=LED 3512 New Footprint=LED-0805-Green
Change Component Footprint: Designator=LY03 Old Footprint=LED 3512 New Footprint=LED-0805-Green
Change Component Footprint: Designator=LY04 Old Footprint=LED 3512 New Footprint=LED-0805-Green
Change Component Footprint: Designator=LY05 Old Footprint=LED 3512 New Footprint=LED-0805-Green
Change Component Footprint: Designator=LY06 Old Footprint=LED 3512 New Footprint=LED-0805-Green
Change Component Footprint: Designator=LY07 Old Footprint=LED 3512 New Footprint=LED-0805-Green
Change Component Footprint: Designator=LY08 Old Footprint=LED 3512 New Footprint=LED-0805-Green
Change Component Footprint: Designator=LY09 Old Footprint=LED 3512 New Footprint=LED-0805-Green
Change Component Footprint: Designator=LY10 Old Footprint=LED 3512 New Footprint=LED-0805-Green
Change Component Footprint: Designator=LY11 Old Footprint=LED 3512 New Footprint=LED-0805-Green
Change Component Footprint: Designator=LY12 Old Footprint=LED 3512 New Footprint=LED-0805-Green
Change Component Footprint: Designator=LY13 Old Footprint=LED 3512 New Footprint=LED-0805-Green
Change Component Footprint: Designator=LY14 Old Footprint=LED 3512 New Footprint=LED-0805-Green
Change Component Footprint: Designator=LX01 Old Footprint=LED 3512 New Footprint=LED-0805-Red
Change Component Footprint: Designator=LX02 Old Footprint=LED 3512 New Footprint=LED-0805-Red
Change Component Footprint: Designator=LX03 Old Footprint=LED 3512 New Footprint=LED-0805-Red
Change Component Footprint: Designator=LX04 Old Footprint=LED 3512 New Footprint=LED-0805-Red
Change Component Footprint: Designator=LX05 Old Footprint=LED 3512 New Footprint=LED-0805-Red
Change Component Footprint: Designator=LX06 Old Footprint=LED 3512 New Footprint=LED-0805-Red
Change Component Footprint: Designator=LX07 Old Footprint=LED 3512 New Footprint=LED-0805-Red
Change Component Footprint: Designator=LX08 Old Footprint=LED 3512 New Footprint=LED-0805-Red
Change Component Footprint: Designator=LX09 Old Footprint=LED 3512 New Footprint=LED-0805-Red
Change Component Footprint: Designator=LX10 Old Footprint=LED 3512 New Footprint=LED-0805-Red
Change Component Comment : Designator=L_PWR Old Comment=LED New Comment=LED_BLUE
Change Component Comment : Designator=LY01 Old Comment=LED New Comment=LED_BLUE
Change Component Comment : Designator=LY02 Old Comment=LED New Comment=LED_BLUE
Change Component Comment : Designator=LY03 Old Comment=LED New Comment=LED_BLUE
Change Component Comment : Designator=LY04 Old Comment=LED New Comment=LED_BLUE
Change Component Comment : Designator=LY05 Old Comment=LED New Comment=LED_BLUE
Change Component Comment : Designator=LY06 Old Comment=LED New Comment=LED_BLUE
Change Component Comment : Designator=LY07 Old Comment=LED New Comment=LED_BLUE
Change Component Comment : Designator=LY08 Old Comment=LED New Comment=LED_BLUE
Change Component Comment : Designator=LY09 Old Comment=LED New Comment=LED_BLUE
Change Component Comment : Designator=LY10 Old Comment=LED New Comment=LED_BLUE
Change Component Comment : Designator=LY11 Old Comment=LED New Comment=LED_BLUE
Change Component Comment : Designator=LY12 Old Comment=LED New Comment=LED_BLUE
Change Component Comment : Designator=LY13 Old Comment=LED New Comment=LED_BLUE
Change Component Comment : Designator=LY14 Old Comment=LED New Comment=LED_BLUE
Change Component Comment : Designator=LX01 Old Comment=LED New Comment=LED_RED
Change Component Comment : Designator=LX02 Old Comment=LED New Comment=LED_RED
Change Component Comment : Designator=LX03 Old Comment=LED New Comment=LED_RED
Change Component Comment : Designator=LX04 Old Comment=LED New Comment=LED_RED
Change Component Comment : Designator=LX05 Old Comment=LED New Comment=LED_RED
Change Component Comment : Designator=LX06 Old Comment=LED New Comment=LED_RED
Change Component Comment : Designator=LX07 Old Comment=LED New Comment=LED_RED
Change Component Comment : Designator=LX08 Old Comment=LED New Comment=LED_RED
Change Component Comment : Designator=LX09 Old Comment=LED New Comment=LED_RED
Change Component Comment : Designator=LX10 Old Comment=LED New Comment=LED_RED
