Change Component Footprint: Designator=R35 Old Footprint=DIEN TRO 0805 New Footprint=RES-SMD-0603
Change Component Footprint: Designator=R37 Old Footprint=DIEN TRO 0805 New Footprint=RES-SMD-0603
Change Component Footprint: Designator=R15 Old Footprint=DIEN TRO 0805 New Footprint=RES-SMD-0805
Change Component Footprint: Designator=R16 Old Footprint=DIEN TRO 0805 New Footprint=RES-SMD-0805
Change Component Footprint: Designator=R19 Old Footprint=DIEN TRO 0805 New Footprint=RES-SMD-0805
Change Component Footprint: Designator=R20 Old Footprint=DIEN TRO 0805 New Footprint=RES-SMD-0805
Change Component Footprint: Designator=R23 Old Footprint=DIEN TRO 0805 New Footprint=RES-SMD-0805
Change Component Footprint: Designator=R24 Old Footprint=DIEN TRO 0805 New Footprint=RES-SMD-0805
Change Component Footprint: Designator=R27 Old Footprint=DIEN TRO 0805 New Footprint=RES-SMD-0805
Change Component Footprint: Designator=R28 Old Footprint=DIEN TRO 0805 New Footprint=RES-SMD-0805
Change Component Footprint: Designator=R31 Old Footprint=DIEN TRO 0805 New Footprint=RES-SMD-0805
Change Component Footprint: Designator=R32 Old Footprint=DIEN TRO 0805 New Footprint=RES-SMD-0805
Change Component Footprint: Designator=R36 Old Footprint=DIEN TRO 0805 New Footprint=RES-SMD-0805
Change Component Footprint: Designator=R17 Old Footprint=DIEN TRO 2512 New Footprint=RES-SMD-2512
Change Component Footprint: Designator=R18 Old Footprint=DIEN TRO 2512 New Footprint=RES-SMD-2512
Change Component Footprint: Designator=R21 Old Footprint=DIEN TRO 2512 New Footprint=RES-SMD-2512
Change Component Footprint: Designator=R22 Old Footprint=DIEN TRO 2512 New Footprint=RES-SMD-2512
Change Component Footprint: Designator=R25 Old Footprint=DIEN TRO 2512 New Footprint=RES-SMD-2512
Change Component Footprint: Designator=R26 Old Footprint=DIEN TRO 2512 New Footprint=RES-SMD-2512
Change Component Footprint: Designator=R29 Old Footprint=DIEN TRO 2512 New Footprint=RES-SMD-2512
Change Component Footprint: Designator=R30 Old Footprint=DIEN TRO 2512 New Footprint=RES-SMD-2512
Change Component Footprint: Designator=R33 Old Footprint=DIEN TRO 2512 New Footprint=RES-SMD-2512
Change Component Footprint: Designator=R34 Old Footprint=DIEN TRO 2512 New Footprint=RES-SMD-2512
Change Component Comment : Designator=R37 Old Comment=0805 New Comment=0.82K
Change Component Comment : Designator=R35 Old Comment=0805 New Comment=3.6K
Change Component Comment : Designator=R36 Old Comment=0805 New Comment=330R
Change Component Description : Designator=D1 Old Description=Default Diode New Description=Diode
Change Component Description : Designator=R35 Old Description=Resistor SMD 0805 New Description=Resistor SMD 0603, 1/10W
Change Component Description : Designator=R37 Old Description=Resistor SMD 0805 New Description=Resistor SMD 0603, 1/10W
Change Component Description : Designator=R15 Old Description=Resistor SMD 0805 New Description=Resistor SMD 0805, 1/8W
Change Component Description : Designator=R16 Old Description=Resistor SMD 0805 New Description=Resistor SMD 0805, 1/8W
Change Component Description : Designator=R19 Old Description=Resistor SMD 0805 New Description=Resistor SMD 0805, 1/8W
Change Component Description : Designator=R23 Old Description=Resistor SMD 0805 New Description=Resistor SMD 0805, 1/8W
Change Component Description : Designator=R24 Old Description=Resistor SMD 0805 New Description=Resistor SMD 0805, 1/8W
Change Component Description : Designator=R27 Old Description=Resistor SMD 0805 New Description=Resistor SMD 0805, 1/8W
Change Component Description : Designator=R28 Old Description=Resistor SMD 0805 New Description=Resistor SMD 0805, 1/8W
Change Component Description : Designator=R31 Old Description=Resistor SMD 0805 New Description=Resistor SMD 0805, 1/8W
Change Component Description : Designator=R32 Old Description=Resistor SMD 0805 New Description=Resistor SMD 0805, 1/8W
Change Component Description : Designator=R36 Old Description=Resistor SMD 0805 New Description=Resistor SMD 0805, 1/8W
Change Component Description : Designator=R1 Old Description=Resistor SMD 2512 1W New Description=Resistor SMD 2512, 1W
Change Component Description : Designator=R2 Old Description=Resistor SMD 2512 1W New Description=Resistor SMD 2512, 1W
Change Component Description : Designator=R3 Old Description=Resistor SMD 2512 1W New Description=Resistor SMD 2512, 1W
Change Component Description : Designator=R4 Old Description=Resistor SMD 2512 1W New Description=Resistor SMD 2512, 1W
Change Component Description : Designator=R5 Old Description=Resistor SMD 2512 1W New Description=Resistor SMD 2512, 1W
Change Component Description : Designator=R6 Old Description=Resistor SMD 2512 1W New Description=Resistor SMD 2512, 1W
Change Component Description : Designator=R7 Old Description=Resistor SMD 2512 1W New Description=Resistor SMD 2512, 1W
Change Component Description : Designator=R8 Old Description=Resistor SMD 2512 1W New Description=Resistor SMD 2512, 1W
Change Component Description : Designator=R9 Old Description=Resistor SMD 2512 1W New Description=Resistor SMD 2512, 1W
Change Component Description : Designator=R10 Old Description=Resistor SMD 2512 1W New Description=Resistor SMD 2512, 1W
Change Component Description : Designator=R11 Old Description=Resistor SMD 2512 1W New Description=Resistor SMD 2512, 1W
Change Component Description : Designator=R13 Old Description=Resistor SMD 2512 1W New Description=Resistor SMD 2512, 1W
Change Component Description : Designator=R14 Old Description=Resistor SMD 2512 1W New Description=Resistor SMD 2512, 1W
Change Component Description : Designator=R17 Old Description=Resistor SMD 2512 1W New Description=Resistor SMD 2512, 1W
Change Component Description : Designator=R18 Old Description=Resistor SMD 2512 1W New Description=Resistor SMD 2512, 1W
Change Component Description : Designator=R21 Old Description=Resistor SMD 2512 1W New Description=Resistor SMD 2512, 1W
Change Component Description : Designator=R22 Old Description=Resistor SMD 2512 1W New Description=Resistor SMD 2512, 1W
Change Component Description : Designator=R25 Old Description=Resistor SMD 2512 1W New Description=Resistor SMD 2512, 1W
Change Component Description : Designator=R26 Old Description=Resistor SMD 2512 1W New Description=Resistor SMD 2512, 1W
Change Component Description : Designator=R29 Old Description=Resistor SMD 2512 1W New Description=Resistor SMD 2512, 1W
Change Component Description : Designator=R30 Old Description=Resistor SMD 2512 1W New Description=Resistor SMD 2512, 1W
Change Component Description : Designator=R33 Old Description=Resistor SMD 2512 1W New Description=Resistor SMD 2512, 1W
Change Component Description : Designator=R34 Old Description=Resistor SMD 2512 1W New Description=Resistor SMD 2512, 1W
Change component parameters: Designator = "R35" ("R35"); Footprint = "DIEN TRO 0805"; UniqueID = "\GXVOKQRW" ("\GXVOKQRW")
Change component parameters (AddParameter): Name = "LatestRevisionDate"; Value = "17-Jul-2002"; VariantName = "[No Variations]"
Change component parameters (AddParameter): Name = "LatestRevisionNote"; Value = "Re-released for DXP Platform."; VariantName = "[No Variations]"
Change component parameters (AddParameter): Name = "PackageReference"; Value = "AXIAL-0.4"; VariantName = "[No Variations]"
Change component parameters (AddParameter): Name = "Published"; Value = "8-Jun-2000"; VariantName = "[No Variations]"
Change component parameters (AddParameter): Name = "Publisher"; Value = "Altium Limited"; VariantName = "[No Variations]"
Change component parameters (AddParameter): Name = "Value"; Value = "3.6K"; VariantName = "[No Variations]"
Change component parameters: Designator = "R37" ("R37"); Footprint = "DIEN TRO 0805"; UniqueID = "\DDWKWMFI" ("\DDWKWMFI")
Change component parameters (AddParameter): Name = "LatestRevisionDate"; Value = "17-Jul-2002"; VariantName = "[No Variations]"
Change component parameters (AddParameter): Name = "LatestRevisionNote"; Value = "Re-released for DXP Platform."; VariantName = "[No Variations]"
Change component parameters (AddParameter): Name = "PackageReference"; Value = "AXIAL-0.4"; VariantName = "[No Variations]"
Change component parameters (AddParameter): Name = "Published"; Value = "8-Jun-2000"; VariantName = "[No Variations]"
Change component parameters (AddParameter): Name = "Publisher"; Value = "Altium Limited"; VariantName = "[No Variations]"
Change component parameters (AddParameter): Name = "Value"; Value = "0.68K"; VariantName = "[No Variations]"
Added Member To Class: ClassName=Controller_Writting Member=Component C5 Capacitor Ceramic
Added Member To Class: ClassName=Controller_Writting Member=Component C6 Capacitor Ceramic
Added Member To Class: ClassName=Controller_Writting Member=Component C7 Capacitor Ceramic
Added Member To Class: ClassName=Controller_Writting Member=Component C9 Capacitor Ceramic
Added Member To Class: ClassName=Controller_Writting Member=Component C10 Capacitor Ceramic
Added Member To Class: ClassName=Controller_Writting Member=Component C14 Capacitor Ceramic
Added Member To Class: ClassName=Controller_Writting Member=Component C15 Capacitor Ceramic
Added Member To Class: ClassName=Controller_Writting Member=Component C16 Capacitor Ceramic
Added Room: Name=Controller_Writting
