Change Component Designator: OldDesignator=? NewDesignator=MEGA
Change Net Name : Old Net Name=Net?_2 New Net Name=NetJP3_5
Change Net Name : Old Net Name=Net?_3 New Net Name=NetJP3_6
Change Net Name : Old Net Name=Net?_4 New Net Name=NetMEGA_4
Change Net Name : Old Net Name=Net?_5 New Net Name=NetMEGA_5
Change Net Name : Old Net Name=Net?_6 New Net Name=NetMEGA_6
Change Net Name : Old Net Name=Net?_7 New Net Name=NetMEGA_7
Change Net Name : Old Net Name=Net?_8 New Net Name=NetMEGA_8
Change Net Name : Old Net Name=Net?_9 New Net Name=NetMEGA_9
Change Net Name : Old Net Name=Net?_10 New Net Name=NetMEGA_10
Change Net Name : Old Net Name=Net?_11 New Net Name=NetMEGA_11
Change Net Name : Old Net Name=Net?_12 New Net Name=NetMEGA_12
Change Net Name : Old Net Name=Net?_22 New Net Name=NetMEGA_22
Change Net Name : Old Net Name=Net?_36 New Net Name=NetIC1_7
Change Net Name : Old Net Name=Net?_37 New Net Name=NetIC2_7
Change Net Name : Old Net Name=Net?_38 New Net Name=NetIC1_6
Change Net Name : Old Net Name=Net?_39 New Net Name=NetIC2_6
Change Net Name : Old Net Name=Net?_40 New Net Name=NetIC1_5
Change Net Name : Old Net Name=Net?_41 New Net Name=NetIC2_5
Change Net Name : Old Net Name=Net?_42 New Net Name=NetIC1_4
Change Net Name : Old Net Name=Net?_43 New Net Name=NetIC2_4
Change Net Name : Old Net Name=Net?_44 New Net Name=NetIC1_3
Change Net Name : Old Net Name=Net?_45 New Net Name=NetIC2_3
Change Net Name : Old Net Name=Net?_46 New Net Name=NetIC1_2
Change Net Name : Old Net Name=Net?_47 New Net Name=NetIC2_2
Change Net Name : Old Net Name=Net?_48 New Net Name=NetIC1_1
Change Net Name : Old Net Name=Net?_49 New Net Name=NetIC2_1
Change Net Name : Old Net Name=Net?_A0 New Net Name=NetJP3_1
Change Net Name : Old Net Name=Net?_A1 New Net Name=NetJP3_2
Change Net Name : Old Net Name=Net?_A2 New Net Name=NetJP3_3
Change Net Name : Old Net Name=Net?_A3 New Net Name=NetJP3_4
