Added Component: Designator=*(TO252-5)
Added Component: Designator=C1(CAP-ALU-SMD-8.0X8.0X1.0)
Add component (AddParameter): Name = "LatestRevisionDate"; Value = "17-Jul-2002"; VariantName = "[No Variations]"
Add component (AddParameter): Name = "LatestRevisionNote"; Value = "Re-released for DXP Platform."; VariantName = "[No Variations]"
Add component (AddParameter): Name = "PackageReference"; Value = "POLAR0.8"; VariantName = "[No Variations]"
Add component (AddParameter): Name = "Published"; Value = "8-Jun-2000"; VariantName = "[No Variations]"
Add component (AddParameter): Name = "Publisher"; Value = "Altium Limited"; VariantName = "[No Variations]"
Added Component: Designator=C2(C10mm)
Add component (AddParameter): Name = "LatestRevisionDate"; Value = "17-Jul-2002"; VariantName = "[No Variations]"
Add component (AddParameter): Name = "LatestRevisionNote"; Value = "Re-released for DXP Platform."; VariantName = "[No Variations]"
Add component (AddParameter): Name = "PackageReference"; Value = "POLAR0.8"; VariantName = "[No Variations]"
Add component (AddParameter): Name = "Published"; Value = "8-Jun-2000"; VariantName = "[No Variations]"
Add component (AddParameter): Name = "Publisher"; Value = "Altium Limited"; VariantName = "[No Variations]"
Added Component: Designator=C3(C0805)
Add component (AddParameter): Name = "LatestRevisionDate"; Value = "17-Jul-2002"; VariantName = "[No Variations]"
Add component (AddParameter): Name = "LatestRevisionNote"; Value = "Re-released for DXP Platform."; VariantName = "[No Variations]"
Add component (AddParameter): Name = "PackageReference"; Value = "RAD-0.3"; VariantName = "[No Variations]"
Add component (AddParameter): Name = "Published"; Value = "8-Jun-2000"; VariantName = "[No Variations]"
Add component (AddParameter): Name = "Publisher"; Value = "Altium Limited"; VariantName = "[No Variations]"
Add component (AddParameter): Name = "Value"; Value = "100nF"; VariantName = "[No Variations]"
Added Component: Designator=C4(CAP-ALU-SMD-8.0X8.0X1.0)
Add component (AddParameter): Name = "LatestRevisionDate"; Value = "17-Jul-2002"; VariantName = "[No Variations]"
Add component (AddParameter): Name = "LatestRevisionNote"; Value = "Re-released for DXP Platform."; VariantName = "[No Variations]"
Add component (AddParameter): Name = "PackageReference"; Value = "POLAR0.8"; VariantName = "[No Variations]"
Add component (AddParameter): Name = "Published"; Value = "8-Jun-2000"; VariantName = "[No Variations]"
Add component (AddParameter): Name = "Publisher"; Value = "Altium Limited"; VariantName = "[No Variations]"
Added Component: Designator=C5(C0805)
Add component (AddParameter): Name = "LatestRevisionDate"; Value = "17-Jul-2002"; VariantName = "[No Variations]"
Add component (AddParameter): Name = "LatestRevisionNote"; Value = "Re-released for DXP Platform."; VariantName = "[No Variations]"
Add component (AddParameter): Name = "PackageReference"; Value = "RAD-0.3"; VariantName = "[No Variations]"
Add component (AddParameter): Name = "Published"; Value = "8-Jun-2000"; VariantName = "[No Variations]"
Add component (AddParameter): Name = "Publisher"; Value = "Altium Limited"; VariantName = "[No Variations]"
Add component (AddParameter): Name = "Value"; Value = "100nF"; VariantName = "[No Variations]"
Added Component: Designator=D1(SMB - duplicate)
Add component (AddParameter): Name = "Value"; Value = "Diode c?m 1N5408"; VariantName = "[No Variations]"
Added Component: Designator=D2(SMB - duplicate)
Add component (AddParameter): Name = "Value"; Value = "Diode c?m 1N5408"; VariantName = "[No Variations]"
Added Component: Designator=IC1(SO-G16)
Add component (AddParameter): Name = "LatestRevisionNote"; Value = "Stylized 3D Model Added."; VariantName = "[No Variations]"
Add component (AddParameter): Name = "Publisher"; Value = "Altium Limited"; VariantName = "[No Variations]"
Add component (AddParameter): Name = "Value"; Value = "ULN2003A"; VariantName = "[No Variations]"
Added Component: Designator=IC2(SO-G16)
Add component (AddParameter): Name = "LatestRevisionNote"; Value = "Stylized 3D Model Added."; VariantName = "[No Variations]"
Add component (AddParameter): Name = "Publisher"; Value = "Altium Limited"; VariantName = "[No Variations]"
Add component (AddParameter): Name = "Value"; Value = "ULN2003A"; VariantName = "[No Variations]"
Added Component: Designator=JP1(Terminal KF142-5.08-10-R)
Added Component: Designator=JP2(Terminal KF142-5.08-10-R)
Added Component: Designator=JP3(Terminal KF142-5.08-10-R)
Added Component: Designator=JP4(Terminal KF142-5.08-10-R)
Added Component: Designator=JP5(Terminal KF142-5.08-10-R)
Added Component: Designator=JP6(Terminal KF142-5.08-10-R)
Added Component: Designator=JP7(Terminal KF142-5.08-10-R)
Added Component: Designator=JUMP_0V(DIP_SW_10)
Add component (AddParameter): Name = "ComponentLink1 Description"; Value = "Manufacturer"; VariantName = "[No Variations]"
Add component (AddParameter): Name = "ComponentLink1URL"; Value = "http://www.we-online.com"; VariantName = "[No Variations]"
Add component (AddParameter): Name = "ComponentLink2 Description"; Value = "Datasheet"; VariantName = "[No Variations]"
Add component (AddParameter): Name = "ComponentLink2URL"; Value = "http://katalog.we-online.de/em/datasheet/4181271609xx.pdf"; VariantName = "[No Variations]"
Add component (AddParameter): Name = "Created by"; Value = "Baojun Chen"; VariantName = "[No Variations]"
Add component (AddParameter): Name = "Created Date"; Value = "Dec.2015"; VariantName = "[No Variations]"
Add component (AddParameter): Name = "Manufacturer"; Value = "Wurth Elektronik"; VariantName = "[No Variations]"
Add component (AddParameter): Name = "Part No."; Value = "418127160910"; VariantName = "[No Variations]"
Add component (AddParameter): Name = "Pole"; Value = "10"; VariantName = "[No Variations]"
Added Component: Designator=JUMP_24V(DIP_SW_10)
Add component (AddParameter): Name = "ComponentLink1 Description"; Value = "Manufacturer"; VariantName = "[No Variations]"
Add component (AddParameter): Name = "ComponentLink1URL"; Value = "http://www.we-online.com"; VariantName = "[No Variations]"
Add component (AddParameter): Name = "ComponentLink2 Description"; Value = "Datasheet"; VariantName = "[No Variations]"
Add component (AddParameter): Name = "ComponentLink2URL"; Value = "http://katalog.we-online.de/em/datasheet/4181271609xx.pdf"; VariantName = "[No Variations]"
Add component (AddParameter): Name = "Created by"; Value = "Baojun Chen"; VariantName = "[No Variations]"
Add component (AddParameter): Name = "Created Date"; Value = "Dec.2015"; VariantName = "[No Variations]"
Add component (AddParameter): Name = "Manufacturer"; Value = "Wurth Elektronik"; VariantName = "[No Variations]"
Add component (AddParameter): Name = "Part No."; Value = "418127160910"; VariantName = "[No Variations]"
Add component (AddParameter): Name = "Pole"; Value = "10"; VariantName = "[No Variations]"
Added Component: Designator=K1(Omron_GS6_2)
Added Component: Designator=K2(Omron_GS6_2)
Added Component: Designator=K3(Omron_GS6_2)
Added Component: Designator=K4(Omron_GS6_2)
Added Component: Designator=K5(Omron_GS6_2)
Added Component: Designator=K6(Omron_GS6_2)
Added Component: Designator=K7(Omron_GS6_2)
Added Component: Designator=K8(Omron_GS6_2)
Added Component: Designator=K9(Omron_GS6_2)
Added Component: Designator=K10(Omron_GS6_2)
Added Component: Designator=K11(Omron_GS6_2)
Added Component: Designator=K12(Omron_GS6_2)
Added Component: Designator=K13(Omron_GS6_2)
Added Component: Designator=K14(Omron_GS6_2)
Added Component: Designator=L1(L-SMD-M-12x10)
Add component (AddParameter): Name = "ComponentLink1Description"; Value = "Manufacturer"; VariantName = "[No Variations]"
Add component (AddParameter): Name = "ComponentLink1URL"; Value = "http://www.we-online.de"; VariantName = "[No Variations]"
Add component (AddParameter): Name = "ComponentLink2Description"; Value = "Datasheet"; VariantName = "[No Variations]"
Add component (AddParameter): Name = "ComponentLink2URL"; Value = "http://katalog.we-online.de/pbs/datasheet/78477010.pdf"; VariantName = "[No Variations]"
Add component (AddParameter): Name = "Created by"; Value = "Baojun Chen"; VariantName = "[No Variations]"
Add component (AddParameter): Name = "Created Date"; Value = "Nov.2015"; VariantName = "[No Variations]"
Add component (AddParameter): Name = "Inductance"; Value = "1.0 µH"; VariantName = "[No Variations]"
Add component (AddParameter): Name = "Manufacturer"; Value = "Wurth Elektronik"; VariantName = "[No Variations]"
Add component (AddParameter): Name = "partNo"; Value = "78477010"; VariantName = "[No Variations]"
Added Component: Designator=LED1(LED-0805-Green)
Add component (AddParameter): Name = "Value"; Value = "LED 3 - 5 ly 2 Colour"; VariantName = "[No Variations]"
Added Component: Designator=LED2(LED-0805-Green)
Add component (AddParameter): Name = "Value"; Value = "LED 3 - 5 ly 2 Colour"; VariantName = "[No Variations]"
Added Component: Designator=LED3(LED-0805-Green)
Add component (AddParameter): Name = "Value"; Value = "LED 3 - 5 ly 2 Colour"; VariantName = "[No Variations]"
Added Component: Designator=LED4(LED-0805-Green)
Add component (AddParameter): Name = "Value"; Value = "LED 3 - 5 ly 2 Colour"; VariantName = "[No Variations]"
Added Component: Designator=LED5(LED-0805-Green)
Add component (AddParameter): Name = "Value"; Value = "LED 3 - 5 ly 2 Colour"; VariantName = "[No Variations]"
Added Component: Designator=LED6(LED-0805-Green)
Add component (AddParameter): Name = "Value"; Value = "LED 3 - 5 ly 2 Colour"; VariantName = "[No Variations]"
Added Component: Designator=LED7(LED-0805-Green)
Add component (AddParameter): Name = "Value"; Value = "LED 3 - 5 ly 2 Colour"; VariantName = "[No Variations]"
Added Component: Designator=LED8(LED-0805-Green)
Add component (AddParameter): Name = "Value"; Value = "LED 3 - 5 ly 2 Colour"; VariantName = "[No Variations]"
Added Component: Designator=LED9(LED-0805-Green)
Add component (AddParameter): Name = "Value"; Value = "LED 3 - 5 ly 2 Colour"; VariantName = "[No Variations]"
Added Component: Designator=LED10(LED-0805-Green)
Add component (AddParameter): Name = "Value"; Value = "LED 3 - 5 ly 2 Colour"; VariantName = "[No Variations]"
Added Component: Designator=LED11(LED-0805-Green)
Add component (AddParameter): Name = "Value"; Value = "LED 3 - 5 ly 2 Colour"; VariantName = "[No Variations]"
Added Component: Designator=LED12(LED-0805-Green)
Add component (AddParameter): Name = "Value"; Value = "LED 3 - 5 ly 2 Colour"; VariantName = "[No Variations]"
Added Component: Designator=LED13(LED-0805-Green)
Add component (AddParameter): Name = "Value"; Value = "LED 3 - 5 ly 2 Colour"; VariantName = "[No Variations]"
Added Component: Designator=LED14(LED-0805-Red)
Add component (AddParameter): Name = "Value"; Value = "LED 3 - 5 ly 2 Colour"; VariantName = "[No Variations]"
Added Component: Designator=LED15(LED-0805-Red)
Add component (AddParameter): Name = "Value"; Value = "LED 3 - 5 ly 2 Colour"; VariantName = "[No Variations]"
Added Component: Designator=LED16(LED-0805-Green)
Add component (AddParameter): Name = "Value"; Value = "LED 3 - 5 ly 2 Colour"; VariantName = "[No Variations]"
Added Component: Designator=LED17(LED-0805-Red)
Add component (AddParameter): Name = "Value"; Value = "LED 3 - 5 ly 2 Colour"; VariantName = "[No Variations]"
Added Component: Designator=LED18(LED-0805-Red)
Add component (AddParameter): Name = "Value"; Value = "LED 3 - 5 ly 2 Colour"; VariantName = "[No Variations]"
Added Component: Designator=LED19(LED-0805-Red)
Add component (AddParameter): Name = "Value"; Value = "LED 3 - 5 ly 2 Colour"; VariantName = "[No Variations]"
Added Component: Designator=LED20(LED-0805-Red)
Add component (AddParameter): Name = "Value"; Value = "LED 3 - 5 ly 2 Colour"; VariantName = "[No Variations]"
Added Component: Designator=LED21(LED-0805-Red)
Add component (AddParameter): Name = "Value"; Value = "LED 3 - 5 ly 2 Colour"; VariantName = "[No Variations]"
Added Component: Designator=LED22(LED-0805-Red)
Add component (AddParameter): Name = "Value"; Value = "LED 3 - 5 ly 2 Colour"; VariantName = "[No Variations]"
Added Component: Designator=LED23(LED-0805-Red)
Add component (AddParameter): Name = "Value"; Value = "LED 3 - 5 ly 2 Colour"; VariantName = "[No Variations]"
Added Component: Designator=LED24(LED-0805-Red)
Add component (AddParameter): Name = "Value"; Value = "LED 3 - 5 ly 2 Colour"; VariantName = "[No Variations]"
Added Component: Designator=LED25(LED-0805-Blue)
Add component (AddParameter): Name = "Value"; Value = "LED 3 - 5 ly 2 Colour"; VariantName = "[No Variations]"
Added Component: Designator=P?(Arduino)
Add component (AddParameter): Name = "DeviceName"; Value = ""; VariantName = "[No Variations]"
Add component (AddParameter): Name = "DeviceSetName"; Value = "MEGA_DEVICE"; VariantName = "[No Variations]"
Add component (AddParameter): Name = "GateName_1"; Value = "G$1"; VariantName = "[No Variations]"
Add component (AddParameter): Name = "LibraryName"; Value = "ArduinoMegaOutline"; VariantName = "[No Variations]"
Add component (AddParameter): Name = "Package"; Value = "MEGAOUTLINE"; VariantName = "[No Variations]"
Add component (AddParameter): Name = "SymbolName_1"; Value = "MEGA_SYMBOL"; VariantName = "[No Variations]"
Added Component: Designator=R1(DIEN TRO 0805)
Add component (AddParameter): Name = "LatestRevisionDate"; Value = "17-Jul-2002"; VariantName = "[No Variations]"
Add component (AddParameter): Name = "LatestRevisionNote"; Value = "Re-released for DXP Platform."; VariantName = "[No Variations]"
Add component (AddParameter): Name = "PackageReference"; Value = "AXIAL-0.4"; VariantName = "[No Variations]"
Add component (AddParameter): Name = "Published"; Value = "8-Jun-2000"; VariantName = "[No Variations]"
Add component (AddParameter): Name = "Publisher"; Value = "Altium Limited"; VariantName = "[No Variations]"
Add component (AddParameter): Name = "Value"; Value = "100R"; VariantName = "[No Variations]"
Added Component: Designator=R2(DIEN TRO 0805)
Add component (AddParameter): Name = "LatestRevisionDate"; Value = "17-Jul-2002"; VariantName = "[No Variations]"
Add component (AddParameter): Name = "LatestRevisionNote"; Value = "Re-released for DXP Platform."; VariantName = "[No Variations]"
Add component (AddParameter): Name = "PackageReference"; Value = "AXIAL-0.4"; VariantName = "[No Variations]"
Add component (AddParameter): Name = "Published"; Value = "8-Jun-2000"; VariantName = "[No Variations]"
Add component (AddParameter): Name = "Publisher"; Value = "Altium Limited"; VariantName = "[No Variations]"
Add component (AddParameter): Name = "Value"; Value = "100R"; VariantName = "[No Variations]"
Added Component: Designator=R3(DIEN TRO 0805)
Add component (AddParameter): Name = "LatestRevisionDate"; Value = "17-Jul-2002"; VariantName = "[No Variations]"
Add component (AddParameter): Name = "LatestRevisionNote"; Value = "Re-released for DXP Platform."; VariantName = "[No Variations]"
Add component (AddParameter): Name = "PackageReference"; Value = "AXIAL-0.4"; VariantName = "[No Variations]"
Add component (AddParameter): Name = "Published"; Value = "8-Jun-2000"; VariantName = "[No Variations]"
Add component (AddParameter): Name = "Publisher"; Value = "Altium Limited"; VariantName = "[No Variations]"
Add component (AddParameter): Name = "Value"; Value = "100R"; VariantName = "[No Variations]"
Added Component: Designator=R4(DIEN TRO 0805)
Add component (AddParameter): Name = "LatestRevisionDate"; Value = "17-Jul-2002"; VariantName = "[No Variations]"
Add component (AddParameter): Name = "LatestRevisionNote"; Value = "Re-released for DXP Platform."; VariantName = "[No Variations]"
Add component (AddParameter): Name = "PackageReference"; Value = "AXIAL-0.4"; VariantName = "[No Variations]"
Add component (AddParameter): Name = "Published"; Value = "8-Jun-2000"; VariantName = "[No Variations]"
Add component (AddParameter): Name = "Publisher"; Value = "Altium Limited"; VariantName = "[No Variations]"
Add component (AddParameter): Name = "Value"; Value = "100R"; VariantName = "[No Variations]"
Added Component: Designator=R5(DIEN TRO 0805)
Add component (AddParameter): Name = "LatestRevisionDate"; Value = "17-Jul-2002"; VariantName = "[No Variations]"
Add component (AddParameter): Name = "LatestRevisionNote"; Value = "Re-released for DXP Platform."; VariantName = "[No Variations]"
Add component (AddParameter): Name = "PackageReference"; Value = "AXIAL-0.4"; VariantName = "[No Variations]"
Add component (AddParameter): Name = "Published"; Value = "8-Jun-2000"; VariantName = "[No Variations]"
Add component (AddParameter): Name = "Publisher"; Value = "Altium Limited"; VariantName = "[No Variations]"
Add component (AddParameter): Name = "Value"; Value = "100R"; VariantName = "[No Variations]"
Added Component: Designator=R6(DIEN TRO 0805)
Add component (AddParameter): Name = "LatestRevisionDate"; Value = "17-Jul-2002"; VariantName = "[No Variations]"
Add component (AddParameter): Name = "LatestRevisionNote"; Value = "Re-released for DXP Platform."; VariantName = "[No Variations]"
Add component (AddParameter): Name = "PackageReference"; Value = "AXIAL-0.4"; VariantName = "[No Variations]"
Add component (AddParameter): Name = "Published"; Value = "8-Jun-2000"; VariantName = "[No Variations]"
Add component (AddParameter): Name = "Publisher"; Value = "Altium Limited"; VariantName = "[No Variations]"
Add component (AddParameter): Name = "Value"; Value = "100R"; VariantName = "[No Variations]"
Added Component: Designator=R7(DIEN TRO 0805)
Add component (AddParameter): Name = "LatestRevisionDate"; Value = "17-Jul-2002"; VariantName = "[No Variations]"
Add component (AddParameter): Name = "LatestRevisionNote"; Value = "Re-released for DXP Platform."; VariantName = "[No Variations]"
Add component (AddParameter): Name = "PackageReference"; Value = "AXIAL-0.4"; VariantName = "[No Variations]"
Add component (AddParameter): Name = "Published"; Value = "8-Jun-2000"; VariantName = "[No Variations]"
Add component (AddParameter): Name = "Publisher"; Value = "Altium Limited"; VariantName = "[No Variations]"
Add component (AddParameter): Name = "Value"; Value = "100R"; VariantName = "[No Variations]"
Added Component: Designator=R8(DIEN TRO 0805)
Add component (AddParameter): Name = "LatestRevisionDate"; Value = "17-Jul-2002"; VariantName = "[No Variations]"
Add component (AddParameter): Name = "LatestRevisionNote"; Value = "Re-released for DXP Platform."; VariantName = "[No Variations]"
Add component (AddParameter): Name = "PackageReference"; Value = "AXIAL-0.4"; VariantName = "[No Variations]"
Add component (AddParameter): Name = "Published"; Value = "8-Jun-2000"; VariantName = "[No Variations]"
Add component (AddParameter): Name = "Publisher"; Value = "Altium Limited"; VariantName = "[No Variations]"
Add component (AddParameter): Name = "Value"; Value = "100R"; VariantName = "[No Variations]"
Added Component: Designator=R9(DIEN TRO 0805)
Add component (AddParameter): Name = "LatestRevisionDate"; Value = "17-Jul-2002"; VariantName = "[No Variations]"
Add component (AddParameter): Name = "LatestRevisionNote"; Value = "Re-released for DXP Platform."; VariantName = "[No Variations]"
Add component (AddParameter): Name = "PackageReference"; Value = "AXIAL-0.4"; VariantName = "[No Variations]"
Add component (AddParameter): Name = "Published"; Value = "8-Jun-2000"; VariantName = "[No Variations]"
Add component (AddParameter): Name = "Publisher"; Value = "Altium Limited"; VariantName = "[No Variations]"
Add component (AddParameter): Name = "Value"; Value = "100R"; VariantName = "[No Variations]"
Added Component: Designator=R10(DIEN TRO 0805)
Add component (AddParameter): Name = "LatestRevisionDate"; Value = "17-Jul-2002"; VariantName = "[No Variations]"
Add component (AddParameter): Name = "LatestRevisionNote"; Value = "Re-released for DXP Platform."; VariantName = "[No Variations]"
Add component (AddParameter): Name = "PackageReference"; Value = "AXIAL-0.4"; VariantName = "[No Variations]"
Add component (AddParameter): Name = "Published"; Value = "8-Jun-2000"; VariantName = "[No Variations]"
Add component (AddParameter): Name = "Publisher"; Value = "Altium Limited"; VariantName = "[No Variations]"
Add component (AddParameter): Name = "Value"; Value = "100R"; VariantName = "[No Variations]"
Added Component: Designator=R11(DIEN TRO 0805)
Add component (AddParameter): Name = "LatestRevisionDate"; Value = "17-Jul-2002"; VariantName = "[No Variations]"
Add component (AddParameter): Name = "LatestRevisionNote"; Value = "Re-released for DXP Platform."; VariantName = "[No Variations]"
Add component (AddParameter): Name = "PackageReference"; Value = "AXIAL-0.4"; VariantName = "[No Variations]"
Add component (AddParameter): Name = "Published"; Value = "8-Jun-2000"; VariantName = "[No Variations]"
Add component (AddParameter): Name = "Publisher"; Value = "Altium Limited"; VariantName = "[No Variations]"
Add component (AddParameter): Name = "Value"; Value = "100R"; VariantName = "[No Variations]"
Added Component: Designator=R12(DIEN TRO 0805)
Add component (AddParameter): Name = "LatestRevisionDate"; Value = "17-Jul-2002"; VariantName = "[No Variations]"
Add component (AddParameter): Name = "LatestRevisionNote"; Value = "Re-released for DXP Platform."; VariantName = "[No Variations]"
Add component (AddParameter): Name = "PackageReference"; Value = "AXIAL-0.4"; VariantName = "[No Variations]"
Add component (AddParameter): Name = "Published"; Value = "8-Jun-2000"; VariantName = "[No Variations]"
Add component (AddParameter): Name = "Publisher"; Value = "Altium Limited"; VariantName = "[No Variations]"
Add component (AddParameter): Name = "Value"; Value = "10K"; VariantName = "[No Variations]"
Added Component: Designator=R13(DIEN TRO 0805)
Add component (AddParameter): Name = "LatestRevisionDate"; Value = "17-Jul-2002"; VariantName = "[No Variations]"
Add component (AddParameter): Name = "LatestRevisionNote"; Value = "Re-released for DXP Platform."; VariantName = "[No Variations]"
Add component (AddParameter): Name = "PackageReference"; Value = "AXIAL-0.4"; VariantName = "[No Variations]"
Add component (AddParameter): Name = "Published"; Value = "8-Jun-2000"; VariantName = "[No Variations]"
Add component (AddParameter): Name = "Publisher"; Value = "Altium Limited"; VariantName = "[No Variations]"
Add component (AddParameter): Name = "Value"; Value = "10K"; VariantName = "[No Variations]"
Added Component: Designator=R14(DIEN TRO 0805)
Add component (AddParameter): Name = "LatestRevisionDate"; Value = "17-Jul-2002"; VariantName = "[No Variations]"
Add component (AddParameter): Name = "LatestRevisionNote"; Value = "Re-released for DXP Platform."; VariantName = "[No Variations]"
Add component (AddParameter): Name = "PackageReference"; Value = "AXIAL-0.4"; VariantName = "[No Variations]"
Add component (AddParameter): Name = "Published"; Value = "8-Jun-2000"; VariantName = "[No Variations]"
Add component (AddParameter): Name = "Publisher"; Value = "Altium Limited"; VariantName = "[No Variations]"
Add component (AddParameter): Name = "Value"; Value = "100R"; VariantName = "[No Variations]"
Added Component: Designator=R15(DIEN TRO 1206)
Add component (AddParameter): Name = "LatestRevisionDate"; Value = "17-Jul-2002"; VariantName = "[No Variations]"
Add component (AddParameter): Name = "LatestRevisionNote"; Value = "Re-released for DXP Platform."; VariantName = "[No Variations]"
Add component (AddParameter): Name = "PackageReference"; Value = "AXIAL-0.4"; VariantName = "[No Variations]"
Add component (AddParameter): Name = "Published"; Value = "8-Jun-2000"; VariantName = "[No Variations]"
Add component (AddParameter): Name = "Publisher"; Value = "Altium Limited"; VariantName = "[No Variations]"
Add component (AddParameter): Name = "Value"; Value = "3K"; VariantName = "[No Variations]"
Added Component: Designator=R16(DIEN TRO 1206)
Add component (AddParameter): Name = "LatestRevisionDate"; Value = "17-Jul-2002"; VariantName = "[No Variations]"
Add component (AddParameter): Name = "LatestRevisionNote"; Value = "Re-released for DXP Platform."; VariantName = "[No Variations]"
Add component (AddParameter): Name = "PackageReference"; Value = "AXIAL-0.4"; VariantName = "[No Variations]"
Add component (AddParameter): Name = "Published"; Value = "8-Jun-2000"; VariantName = "[No Variations]"
Add component (AddParameter): Name = "Publisher"; Value = "Altium Limited"; VariantName = "[No Variations]"
Add component (AddParameter): Name = "Value"; Value = "3K"; VariantName = "[No Variations]"
Added Component: Designator=R17(DIEN TRO 0805)
Add component (AddParameter): Name = "LatestRevisionDate"; Value = "17-Jul-2002"; VariantName = "[No Variations]"
Add component (AddParameter): Name = "LatestRevisionNote"; Value = "Re-released for DXP Platform."; VariantName = "[No Variations]"
Add component (AddParameter): Name = "PackageReference"; Value = "AXIAL-0.4"; VariantName = "[No Variations]"
Add component (AddParameter): Name = "Published"; Value = "8-Jun-2000"; VariantName = "[No Variations]"
Add component (AddParameter): Name = "Publisher"; Value = "Altium Limited"; VariantName = "[No Variations]"
Add component (AddParameter): Name = "Value"; Value = "100R"; VariantName = "[No Variations]"
Added Component: Designator=R18(DIEN TRO 1206)
Add component (AddParameter): Name = "LatestRevisionDate"; Value = "17-Jul-2002"; VariantName = "[No Variations]"
Add component (AddParameter): Name = "LatestRevisionNote"; Value = "Re-released for DXP Platform."; VariantName = "[No Variations]"
Add component (AddParameter): Name = "PackageReference"; Value = "AXIAL-0.4"; VariantName = "[No Variations]"
Add component (AddParameter): Name = "Published"; Value = "8-Jun-2000"; VariantName = "[No Variations]"
Add component (AddParameter): Name = "Publisher"; Value = "Altium Limited"; VariantName = "[No Variations]"
Add component (AddParameter): Name = "Value"; Value = "3K"; VariantName = "[No Variations]"
Added Component: Designator=R19(DIEN TRO 1206)
Add component (AddParameter): Name = "LatestRevisionDate"; Value = "17-Jul-2002"; VariantName = "[No Variations]"
Add component (AddParameter): Name = "LatestRevisionNote"; Value = "Re-released for DXP Platform."; VariantName = "[No Variations]"
Add component (AddParameter): Name = "PackageReference"; Value = "AXIAL-0.4"; VariantName = "[No Variations]"
Add component (AddParameter): Name = "Published"; Value = "8-Jun-2000"; VariantName = "[No Variations]"
Add component (AddParameter): Name = "Publisher"; Value = "Altium Limited"; VariantName = "[No Variations]"
Add component (AddParameter): Name = "Value"; Value = "3K"; VariantName = "[No Variations]"
Added Component: Designator=R20(DIEN TRO 0805)
Add component (AddParameter): Name = "LatestRevisionDate"; Value = "17-Jul-2002"; VariantName = "[No Variations]"
Add component (AddParameter): Name = "LatestRevisionNote"; Value = "Re-released for DXP Platform."; VariantName = "[No Variations]"
Add component (AddParameter): Name = "PackageReference"; Value = "AXIAL-0.4"; VariantName = "[No Variations]"
Add component (AddParameter): Name = "Published"; Value = "8-Jun-2000"; VariantName = "[No Variations]"
Add component (AddParameter): Name = "Publisher"; Value = "Altium Limited"; VariantName = "[No Variations]"
Add component (AddParameter): Name = "Value"; Value = "100R"; VariantName = "[No Variations]"
Added Component: Designator=R21(DIEN TRO 1206)
Add component (AddParameter): Name = "LatestRevisionDate"; Value = "17-Jul-2002"; VariantName = "[No Variations]"
Add component (AddParameter): Name = "LatestRevisionNote"; Value = "Re-released for DXP Platform."; VariantName = "[No Variations]"
Add component (AddParameter): Name = "PackageReference"; Value = "AXIAL-0.4"; VariantName = "[No Variations]"
Add component (AddParameter): Name = "Published"; Value = "8-Jun-2000"; VariantName = "[No Variations]"
Add component (AddParameter): Name = "Publisher"; Value = "Altium Limited"; VariantName = "[No Variations]"
Add component (AddParameter): Name = "Value"; Value = "3K"; VariantName = "[No Variations]"
Added Component: Designator=R22(DIEN TRO 1206)
Add component (AddParameter): Name = "LatestRevisionDate"; Value = "17-Jul-2002"; VariantName = "[No Variations]"
Add component (AddParameter): Name = "LatestRevisionNote"; Value = "Re-released for DXP Platform."; VariantName = "[No Variations]"
Add component (AddParameter): Name = "PackageReference"; Value = "AXIAL-0.4"; VariantName = "[No Variations]"
Add component (AddParameter): Name = "Published"; Value = "8-Jun-2000"; VariantName = "[No Variations]"
Add component (AddParameter): Name = "Publisher"; Value = "Altium Limited"; VariantName = "[No Variations]"
Add component (AddParameter): Name = "Value"; Value = "3K"; VariantName = "[No Variations]"
Added Component: Designator=R23(DIEN TRO 0805)
Add component (AddParameter): Name = "LatestRevisionDate"; Value = "17-Jul-2002"; VariantName = "[No Variations]"
Add component (AddParameter): Name = "LatestRevisionNote"; Value = "Re-released for DXP Platform."; VariantName = "[No Variations]"
Add component (AddParameter): Name = "PackageReference"; Value = "AXIAL-0.4"; VariantName = "[No Variations]"
Add component (AddParameter): Name = "Published"; Value = "8-Jun-2000"; VariantName = "[No Variations]"
Add component (AddParameter): Name = "Publisher"; Value = "Altium Limited"; VariantName = "[No Variations]"
Add component (AddParameter): Name = "Value"; Value = "10K"; VariantName = "[No Variations]"
Added Component: Designator=R24(DIEN TRO 0805)
Add component (AddParameter): Name = "LatestRevisionDate"; Value = "17-Jul-2002"; VariantName = "[No Variations]"
Add component (AddParameter): Name = "LatestRevisionNote"; Value = "Re-released for DXP Platform."; VariantName = "[No Variations]"
Add component (AddParameter): Name = "PackageReference"; Value = "AXIAL-0.4"; VariantName = "[No Variations]"
Add component (AddParameter): Name = "Published"; Value = "8-Jun-2000"; VariantName = "[No Variations]"
Add component (AddParameter): Name = "Publisher"; Value = "Altium Limited"; VariantName = "[No Variations]"
Add component (AddParameter): Name = "Value"; Value = "10K"; VariantName = "[No Variations]"
Added Component: Designator=R25(DIEN TRO 1206)
Add component (AddParameter): Name = "LatestRevisionDate"; Value = "17-Jul-2002"; VariantName = "[No Variations]"
Add component (AddParameter): Name = "LatestRevisionNote"; Value = "Re-released for DXP Platform."; VariantName = "[No Variations]"
Add component (AddParameter): Name = "PackageReference"; Value = "AXIAL-0.4"; VariantName = "[No Variations]"
Add component (AddParameter): Name = "Published"; Value = "8-Jun-2000"; VariantName = "[No Variations]"
Add component (AddParameter): Name = "Publisher"; Value = "Altium Limited"; VariantName = "[No Variations]"
Add component (AddParameter): Name = "Value"; Value = "3K"; VariantName = "[No Variations]"
Added Component: Designator=R26(DIEN TRO 1206)
Add component (AddParameter): Name = "LatestRevisionDate"; Value = "17-Jul-2002"; VariantName = "[No Variations]"
Add component (AddParameter): Name = "LatestRevisionNote"; Value = "Re-released for DXP Platform."; VariantName = "[No Variations]"
Add component (AddParameter): Name = "PackageReference"; Value = "AXIAL-0.4"; VariantName = "[No Variations]"
Add component (AddParameter): Name = "Published"; Value = "8-Jun-2000"; VariantName = "[No Variations]"
Add component (AddParameter): Name = "Publisher"; Value = "Altium Limited"; VariantName = "[No Variations]"
Add component (AddParameter): Name = "Value"; Value = "3K"; VariantName = "[No Variations]"
Added Component: Designator=R27(DIEN TRO 1206)
Add component (AddParameter): Name = "LatestRevisionDate"; Value = "17-Jul-2002"; VariantName = "[No Variations]"
Add component (AddParameter): Name = "LatestRevisionNote"; Value = "Re-released for DXP Platform."; VariantName = "[No Variations]"
Add component (AddParameter): Name = "PackageReference"; Value = "AXIAL-0.4"; VariantName = "[No Variations]"
Add component (AddParameter): Name = "Published"; Value = "8-Jun-2000"; VariantName = "[No Variations]"
Add component (AddParameter): Name = "Publisher"; Value = "Altium Limited"; VariantName = "[No Variations]"
Add component (AddParameter): Name = "Value"; Value = "3K"; VariantName = "[No Variations]"
Added Component: Designator=R28(DIEN TRO 1206)
Add component (AddParameter): Name = "LatestRevisionDate"; Value = "17-Jul-2002"; VariantName = "[No Variations]"
Add component (AddParameter): Name = "LatestRevisionNote"; Value = "Re-released for DXP Platform."; VariantName = "[No Variations]"
Add component (AddParameter): Name = "PackageReference"; Value = "AXIAL-0.4"; VariantName = "[No Variations]"
Add component (AddParameter): Name = "Published"; Value = "8-Jun-2000"; VariantName = "[No Variations]"
Add component (AddParameter): Name = "Publisher"; Value = "Altium Limited"; VariantName = "[No Variations]"
Add component (AddParameter): Name = "Value"; Value = "3K"; VariantName = "[No Variations]"
Added Component: Designator=R29(DIEN TRO 1206)
Add component (AddParameter): Name = "LatestRevisionDate"; Value = "17-Jul-2002"; VariantName = "[No Variations]"
Add component (AddParameter): Name = "LatestRevisionNote"; Value = "Re-released for DXP Platform."; VariantName = "[No Variations]"
Add component (AddParameter): Name = "PackageReference"; Value = "AXIAL-0.4"; VariantName = "[No Variations]"
Add component (AddParameter): Name = "Published"; Value = "8-Jun-2000"; VariantName = "[No Variations]"
Add component (AddParameter): Name = "Publisher"; Value = "Altium Limited"; VariantName = "[No Variations]"
Add component (AddParameter): Name = "Value"; Value = "3K"; VariantName = "[No Variations]"
Added Component: Designator=R30(DIEN TRO 1206)
Add component (AddParameter): Name = "LatestRevisionDate"; Value = "17-Jul-2002"; VariantName = "[No Variations]"
Add component (AddParameter): Name = "LatestRevisionNote"; Value = "Re-released for DXP Platform."; VariantName = "[No Variations]"
Add component (AddParameter): Name = "PackageReference"; Value = "AXIAL-0.4"; VariantName = "[No Variations]"
Add component (AddParameter): Name = "Published"; Value = "8-Jun-2000"; VariantName = "[No Variations]"
Add component (AddParameter): Name = "Publisher"; Value = "Altium Limited"; VariantName = "[No Variations]"
Add component (AddParameter): Name = "Value"; Value = "3K"; VariantName = "[No Variations]"
Added Component: Designator=R31(DIEN TRO 0805)
Add component (AddParameter): Name = "LatestRevisionDate"; Value = "17-Jul-2002"; VariantName = "[No Variations]"
Add component (AddParameter): Name = "LatestRevisionNote"; Value = "Re-released for DXP Platform."; VariantName = "[No Variations]"
Add component (AddParameter): Name = "PackageReference"; Value = "AXIAL-0.4"; VariantName = "[No Variations]"
Add component (AddParameter): Name = "Published"; Value = "8-Jun-2000"; VariantName = "[No Variations]"
Add component (AddParameter): Name = "Publisher"; Value = "Altium Limited"; VariantName = "[No Variations]"
Add component (AddParameter): Name = "Value"; Value = "10K"; VariantName = "[No Variations]"
Added Component: Designator=R32(DIEN TRO 0805)
Add component (AddParameter): Name = "LatestRevisionDate"; Value = "17-Jul-2002"; VariantName = "[No Variations]"
Add component (AddParameter): Name = "LatestRevisionNote"; Value = "Re-released for DXP Platform."; VariantName = "[No Variations]"
Add component (AddParameter): Name = "PackageReference"; Value = "AXIAL-0.4"; VariantName = "[No Variations]"
Add component (AddParameter): Name = "Published"; Value = "8-Jun-2000"; VariantName = "[No Variations]"
Add component (AddParameter): Name = "Publisher"; Value = "Altium Limited"; VariantName = "[No Variations]"
Add component (AddParameter): Name = "Value"; Value = "10K"; VariantName = "[No Variations]"
Added Component: Designator=R33(DIEN TRO 1206)
Add component (AddParameter): Name = "LatestRevisionDate"; Value = "17-Jul-2002"; VariantName = "[No Variations]"
Add component (AddParameter): Name = "LatestRevisionNote"; Value = "Re-released for DXP Platform."; VariantName = "[No Variations]"
Add component (AddParameter): Name = "PackageReference"; Value = "AXIAL-0.4"; VariantName = "[No Variations]"
Add component (AddParameter): Name = "Published"; Value = "8-Jun-2000"; VariantName = "[No Variations]"
Add component (AddParameter): Name = "Publisher"; Value = "Altium Limited"; VariantName = "[No Variations]"
Add component (AddParameter): Name = "Value"; Value = "3K"; VariantName = "[No Variations]"
Added Component: Designator=R34(DIEN TRO 1206)
Add component (AddParameter): Name = "LatestRevisionDate"; Value = "17-Jul-2002"; VariantName = "[No Variations]"
Add component (AddParameter): Name = "LatestRevisionNote"; Value = "Re-released for DXP Platform."; VariantName = "[No Variations]"
Add component (AddParameter): Name = "PackageReference"; Value = "AXIAL-0.4"; VariantName = "[No Variations]"
Add component (AddParameter): Name = "Published"; Value = "8-Jun-2000"; VariantName = "[No Variations]"
Add component (AddParameter): Name = "Publisher"; Value = "Altium Limited"; VariantName = "[No Variations]"
Add component (AddParameter): Name = "Value"; Value = "3K"; VariantName = "[No Variations]"
Added Component: Designator=R35(DIEN TRO 1206)
Add component (AddParameter): Name = "LatestRevisionDate"; Value = "17-Jul-2002"; VariantName = "[No Variations]"
Add component (AddParameter): Name = "LatestRevisionNote"; Value = "Re-released for DXP Platform."; VariantName = "[No Variations]"
Add component (AddParameter): Name = "PackageReference"; Value = "AXIAL-0.4"; VariantName = "[No Variations]"
Add component (AddParameter): Name = "Published"; Value = "8-Jun-2000"; VariantName = "[No Variations]"
Add component (AddParameter): Name = "Publisher"; Value = "Altium Limited"; VariantName = "[No Variations]"
Add component (AddParameter): Name = "Value"; Value = "3K"; VariantName = "[No Variations]"
Added Component: Designator=R36(DIEN TRO 1206)
Add component (AddParameter): Name = "LatestRevisionDate"; Value = "17-Jul-2002"; VariantName = "[No Variations]"
Add component (AddParameter): Name = "LatestRevisionNote"; Value = "Re-released for DXP Platform."; VariantName = "[No Variations]"
Add component (AddParameter): Name = "PackageReference"; Value = "AXIAL-0.4"; VariantName = "[No Variations]"
Add component (AddParameter): Name = "Published"; Value = "8-Jun-2000"; VariantName = "[No Variations]"
Add component (AddParameter): Name = "Publisher"; Value = "Altium Limited"; VariantName = "[No Variations]"
Add component (AddParameter): Name = "Value"; Value = "3K"; VariantName = "[No Variations]"
Added Component: Designator=R37(DIEN TRO 1206)
Add component (AddParameter): Name = "LatestRevisionDate"; Value = "17-Jul-2002"; VariantName = "[No Variations]"
Add component (AddParameter): Name = "LatestRevisionNote"; Value = "Re-released for DXP Platform."; VariantName = "[No Variations]"
Add component (AddParameter): Name = "PackageReference"; Value = "AXIAL-0.4"; VariantName = "[No Variations]"
Add component (AddParameter): Name = "Published"; Value = "8-Jun-2000"; VariantName = "[No Variations]"
Add component (AddParameter): Name = "Publisher"; Value = "Altium Limited"; VariantName = "[No Variations]"
Add component (AddParameter): Name = "Value"; Value = "3K"; VariantName = "[No Variations]"
Added Component: Designator=R38(DIEN TRO 1206)
Add component (AddParameter): Name = "LatestRevisionDate"; Value = "17-Jul-2002"; VariantName = "[No Variations]"
Add component (AddParameter): Name = "LatestRevisionNote"; Value = "Re-released for DXP Platform."; VariantName = "[No Variations]"
Add component (AddParameter): Name = "PackageReference"; Value = "AXIAL-0.4"; VariantName = "[No Variations]"
Add component (AddParameter): Name = "Published"; Value = "8-Jun-2000"; VariantName = "[No Variations]"
Add component (AddParameter): Name = "Publisher"; Value = "Altium Limited"; VariantName = "[No Variations]"
Add component (AddParameter): Name = "Value"; Value = "3K"; VariantName = "[No Variations]"
Added Component: Designator=R39(DIEN TRO 0805)
Add component (AddParameter): Name = "LatestRevisionDate"; Value = "17-Jul-2002"; VariantName = "[No Variations]"
Add component (AddParameter): Name = "LatestRevisionNote"; Value = "Re-released for DXP Platform."; VariantName = "[No Variations]"
Add component (AddParameter): Name = "PackageReference"; Value = "AXIAL-0.4"; VariantName = "[No Variations]"
Add component (AddParameter): Name = "Published"; Value = "8-Jun-2000"; VariantName = "[No Variations]"
Add component (AddParameter): Name = "Publisher"; Value = "Altium Limited"; VariantName = "[No Variations]"
Add component (AddParameter): Name = "Value"; Value = "10K"; VariantName = "[No Variations]"
Added Component: Designator=R40(DIEN TRO 0805)
Add component (AddParameter): Name = "LatestRevisionDate"; Value = "17-Jul-2002"; VariantName = "[No Variations]"
Add component (AddParameter): Name = "LatestRevisionNote"; Value = "Re-released for DXP Platform."; VariantName = "[No Variations]"
Add component (AddParameter): Name = "PackageReference"; Value = "AXIAL-0.4"; VariantName = "[No Variations]"
Add component (AddParameter): Name = "Published"; Value = "8-Jun-2000"; VariantName = "[No Variations]"
Add component (AddParameter): Name = "Publisher"; Value = "Altium Limited"; VariantName = "[No Variations]"
Add component (AddParameter): Name = "Value"; Value = "10K"; VariantName = "[No Variations]"
Added Component: Designator=R41(DIEN TRO 1206)
Add component (AddParameter): Name = "LatestRevisionDate"; Value = "17-Jul-2002"; VariantName = "[No Variations]"
Add component (AddParameter): Name = "LatestRevisionNote"; Value = "Re-released for DXP Platform."; VariantName = "[No Variations]"
Add component (AddParameter): Name = "PackageReference"; Value = "AXIAL-0.4"; VariantName = "[No Variations]"
Add component (AddParameter): Name = "Published"; Value = "8-Jun-2000"; VariantName = "[No Variations]"
Add component (AddParameter): Name = "Publisher"; Value = "Altium Limited"; VariantName = "[No Variations]"
Add component (AddParameter): Name = "Value"; Value = "3K"; VariantName = "[No Variations]"
Added Component: Designator=R42(DIEN TRO 1206)
Add component (AddParameter): Name = "LatestRevisionDate"; Value = "17-Jul-2002"; VariantName = "[No Variations]"
Add component (AddParameter): Name = "LatestRevisionNote"; Value = "Re-released for DXP Platform."; VariantName = "[No Variations]"
Add component (AddParameter): Name = "PackageReference"; Value = "AXIAL-0.4"; VariantName = "[No Variations]"
Add component (AddParameter): Name = "Published"; Value = "8-Jun-2000"; VariantName = "[No Variations]"
Add component (AddParameter): Name = "Publisher"; Value = "Altium Limited"; VariantName = "[No Variations]"
Add component (AddParameter): Name = "Value"; Value = "3K"; VariantName = "[No Variations]"
Added Component: Designator=R43(DIEN TRO 1206)
Add component (AddParameter): Name = "LatestRevisionDate"; Value = "17-Jul-2002"; VariantName = "[No Variations]"
Add component (AddParameter): Name = "LatestRevisionNote"; Value = "Re-released for DXP Platform."; VariantName = "[No Variations]"
Add component (AddParameter): Name = "PackageReference"; Value = "AXIAL-0.4"; VariantName = "[No Variations]"
Add component (AddParameter): Name = "Published"; Value = "8-Jun-2000"; VariantName = "[No Variations]"
Add component (AddParameter): Name = "Publisher"; Value = "Altium Limited"; VariantName = "[No Variations]"
Add component (AddParameter): Name = "Value"; Value = "3K"; VariantName = "[No Variations]"
Added Component: Designator=R44(DIEN TRO 1206)
Add component (AddParameter): Name = "LatestRevisionDate"; Value = "17-Jul-2002"; VariantName = "[No Variations]"
Add component (AddParameter): Name = "LatestRevisionNote"; Value = "Re-released for DXP Platform."; VariantName = "[No Variations]"
Add component (AddParameter): Name = "PackageReference"; Value = "AXIAL-0.4"; VariantName = "[No Variations]"
Add component (AddParameter): Name = "Published"; Value = "8-Jun-2000"; VariantName = "[No Variations]"
Add component (AddParameter): Name = "Publisher"; Value = "Altium Limited"; VariantName = "[No Variations]"
Add component (AddParameter): Name = "Value"; Value = "3K"; VariantName = "[No Variations]"
Added Component: Designator=R45(DIEN TRO 1206)
Add component (AddParameter): Name = "LatestRevisionDate"; Value = "17-Jul-2002"; VariantName = "[No Variations]"
Add component (AddParameter): Name = "LatestRevisionNote"; Value = "Re-released for DXP Platform."; VariantName = "[No Variations]"
Add component (AddParameter): Name = "PackageReference"; Value = "AXIAL-0.4"; VariantName = "[No Variations]"
Add component (AddParameter): Name = "Published"; Value = "8-Jun-2000"; VariantName = "[No Variations]"
Add component (AddParameter): Name = "Publisher"; Value = "Altium Limited"; VariantName = "[No Variations]"
Add component (AddParameter): Name = "Value"; Value = "3K"; VariantName = "[No Variations]"
Added Component: Designator=R46(DIEN TRO 1206)
Add component (AddParameter): Name = "LatestRevisionDate"; Value = "17-Jul-2002"; VariantName = "[No Variations]"
Add component (AddParameter): Name = "LatestRevisionNote"; Value = "Re-released for DXP Platform."; VariantName = "[No Variations]"
Add component (AddParameter): Name = "PackageReference"; Value = "AXIAL-0.4"; VariantName = "[No Variations]"
Add component (AddParameter): Name = "Published"; Value = "8-Jun-2000"; VariantName = "[No Variations]"
Add component (AddParameter): Name = "Publisher"; Value = "Altium Limited"; VariantName = "[No Variations]"
Add component (AddParameter): Name = "Value"; Value = "3K"; VariantName = "[No Variations]"
Added Component: Designator=R47(DIEN TRO 0805)
Add component (AddParameter): Name = "LatestRevisionDate"; Value = "17-Jul-2002"; VariantName = "[No Variations]"
Add component (AddParameter): Name = "LatestRevisionNote"; Value = "Re-released for DXP Platform."; VariantName = "[No Variations]"
Add component (AddParameter): Name = "PackageReference"; Value = "AXIAL-0.4"; VariantName = "[No Variations]"
Add component (AddParameter): Name = "Published"; Value = "8-Jun-2000"; VariantName = "[No Variations]"
Add component (AddParameter): Name = "Publisher"; Value = "Altium Limited"; VariantName = "[No Variations]"
Add component (AddParameter): Name = "Value"; Value = "10K"; VariantName = "[No Variations]"
Added Component: Designator=R48(DIEN TRO 0805)
Add component (AddParameter): Name = "LatestRevisionDate"; Value = "17-Jul-2002"; VariantName = "[No Variations]"
Add component (AddParameter): Name = "LatestRevisionNote"; Value = "Re-released for DXP Platform."; VariantName = "[No Variations]"
Add component (AddParameter): Name = "PackageReference"; Value = "AXIAL-0.4"; VariantName = "[No Variations]"
Add component (AddParameter): Name = "Published"; Value = "8-Jun-2000"; VariantName = "[No Variations]"
Add component (AddParameter): Name = "Publisher"; Value = "Altium Limited"; VariantName = "[No Variations]"
Add component (AddParameter): Name = "Value"; Value = "10K"; VariantName = "[No Variations]"
Added Component: Designator=R49(DIEN TRO 1206)
Add component (AddParameter): Name = "LatestRevisionDate"; Value = "17-Jul-2002"; VariantName = "[No Variations]"
Add component (AddParameter): Name = "LatestRevisionNote"; Value = "Re-released for DXP Platform."; VariantName = "[No Variations]"
Add component (AddParameter): Name = "PackageReference"; Value = "AXIAL-0.4"; VariantName = "[No Variations]"
Add component (AddParameter): Name = "Published"; Value = "8-Jun-2000"; VariantName = "[No Variations]"
Add component (AddParameter): Name = "Publisher"; Value = "Altium Limited"; VariantName = "[No Variations]"
Add component (AddParameter): Name = "Value"; Value = "3K"; VariantName = "[No Variations]"
Added Component: Designator=R50(DIEN TRO 1206)
Add component (AddParameter): Name = "LatestRevisionDate"; Value = "17-Jul-2002"; VariantName = "[No Variations]"
Add component (AddParameter): Name = "LatestRevisionNote"; Value = "Re-released for DXP Platform."; VariantName = "[No Variations]"
Add component (AddParameter): Name = "PackageReference"; Value = "AXIAL-0.4"; VariantName = "[No Variations]"
Add component (AddParameter): Name = "Published"; Value = "8-Jun-2000"; VariantName = "[No Variations]"
Add component (AddParameter): Name = "Publisher"; Value = "Altium Limited"; VariantName = "[No Variations]"
Add component (AddParameter): Name = "Value"; Value = "3K"; VariantName = "[No Variations]"
Added Component: Designator=R51(DIEN TRO 1206)
Add component (AddParameter): Name = "LatestRevisionDate"; Value = "17-Jul-2002"; VariantName = "[No Variations]"
Add component (AddParameter): Name = "LatestRevisionNote"; Value = "Re-released for DXP Platform."; VariantName = "[No Variations]"
Add component (AddParameter): Name = "PackageReference"; Value = "AXIAL-0.4"; VariantName = "[No Variations]"
Add component (AddParameter): Name = "Published"; Value = "8-Jun-2000"; VariantName = "[No Variations]"
Add component (AddParameter): Name = "Publisher"; Value = "Altium Limited"; VariantName = "[No Variations]"
Add component (AddParameter): Name = "Value"; Value = "3K"; VariantName = "[No Variations]"
Added Component: Designator=R52(DIEN TRO 1206)
Add component (AddParameter): Name = "LatestRevisionDate"; Value = "17-Jul-2002"; VariantName = "[No Variations]"
Add component (AddParameter): Name = "LatestRevisionNote"; Value = "Re-released for DXP Platform."; VariantName = "[No Variations]"
Add component (AddParameter): Name = "PackageReference"; Value = "AXIAL-0.4"; VariantName = "[No Variations]"
Add component (AddParameter): Name = "Published"; Value = "8-Jun-2000"; VariantName = "[No Variations]"
Add component (AddParameter): Name = "Publisher"; Value = "Altium Limited"; VariantName = "[No Variations]"
Add component (AddParameter): Name = "Value"; Value = "3K"; VariantName = "[No Variations]"
Added Component: Designator=R53(DIEN TRO 1206)
Add component (AddParameter): Name = "LatestRevisionDate"; Value = "17-Jul-2002"; VariantName = "[No Variations]"
Add component (AddParameter): Name = "LatestRevisionNote"; Value = "Re-released for DXP Platform."; VariantName = "[No Variations]"
Add component (AddParameter): Name = "PackageReference"; Value = "AXIAL-0.4"; VariantName = "[No Variations]"
Add component (AddParameter): Name = "Published"; Value = "8-Jun-2000"; VariantName = "[No Variations]"
Add component (AddParameter): Name = "Publisher"; Value = "Altium Limited"; VariantName = "[No Variations]"
Add component (AddParameter): Name = "Value"; Value = "3K"; VariantName = "[No Variations]"
Added Component: Designator=R54(DIEN TRO 1206)
Add component (AddParameter): Name = "LatestRevisionDate"; Value = "17-Jul-2002"; VariantName = "[No Variations]"
Add component (AddParameter): Name = "LatestRevisionNote"; Value = "Re-released for DXP Platform."; VariantName = "[No Variations]"
Add component (AddParameter): Name = "PackageReference"; Value = "AXIAL-0.4"; VariantName = "[No Variations]"
Add component (AddParameter): Name = "Published"; Value = "8-Jun-2000"; VariantName = "[No Variations]"
Add component (AddParameter): Name = "Publisher"; Value = "Altium Limited"; VariantName = "[No Variations]"
Add component (AddParameter): Name = "Value"; Value = "3K"; VariantName = "[No Variations]"
Added Component: Designator=R55(DIEN TRO 0805)
Add component (AddParameter): Name = "LatestRevisionDate"; Value = "17-Jul-2002"; VariantName = "[No Variations]"
Add component (AddParameter): Name = "LatestRevisionNote"; Value = "Re-released for DXP Platform."; VariantName = "[No Variations]"
Add component (AddParameter): Name = "PackageReference"; Value = "AXIAL-0.4"; VariantName = "[No Variations]"
Add component (AddParameter): Name = "Published"; Value = "8-Jun-2000"; VariantName = "[No Variations]"
Add component (AddParameter): Name = "Publisher"; Value = "Altium Limited"; VariantName = "[No Variations]"
Add component (AddParameter): Name = "Value"; Value = "10K"; VariantName = "[No Variations]"
Added Component: Designator=R56(DIEN TRO 0805)
Add component (AddParameter): Name = "LatestRevisionDate"; Value = "17-Jul-2002"; VariantName = "[No Variations]"
Add component (AddParameter): Name = "LatestRevisionNote"; Value = "Re-released for DXP Platform."; VariantName = "[No Variations]"
Add component (AddParameter): Name = "PackageReference"; Value = "AXIAL-0.4"; VariantName = "[No Variations]"
Add component (AddParameter): Name = "Published"; Value = "8-Jun-2000"; VariantName = "[No Variations]"
Add component (AddParameter): Name = "Publisher"; Value = "Altium Limited"; VariantName = "[No Variations]"
Add component (AddParameter): Name = "Value"; Value = "4.2K"; VariantName = "[No Variations]"
Added Component: Designator=R57(DIEN TRO 0805)
Add component (AddParameter): Name = "LatestRevisionDate"; Value = "17-Jul-2002"; VariantName = "[No Variations]"
Add component (AddParameter): Name = "LatestRevisionNote"; Value = "Re-released for DXP Platform."; VariantName = "[No Variations]"
Add component (AddParameter): Name = "PackageReference"; Value = "AXIAL-0.4"; VariantName = "[No Variations]"
Add component (AddParameter): Name = "Published"; Value = "8-Jun-2000"; VariantName = "[No Variations]"
Add component (AddParameter): Name = "Publisher"; Value = "Altium Limited"; VariantName = "[No Variations]"
Add component (AddParameter): Name = "Value"; Value = "2.2K"; VariantName = "[No Variations]"
Added Component: Designator=R58(DIEN TRO 0805)
Add component (AddParameter): Name = "LatestRevisionDate"; Value = "17-Jul-2002"; VariantName = "[No Variations]"
Add component (AddParameter): Name = "LatestRevisionNote"; Value = "Re-released for DXP Platform."; VariantName = "[No Variations]"
Add component (AddParameter): Name = "PackageReference"; Value = "AXIAL-0.4"; VariantName = "[No Variations]"
Add component (AddParameter): Name = "Published"; Value = "8-Jun-2000"; VariantName = "[No Variations]"
Add component (AddParameter): Name = "Publisher"; Value = "Altium Limited"; VariantName = "[No Variations]"
Add component (AddParameter): Name = "Value"; Value = "330R"; VariantName = "[No Variations]"
Added Component: Designator=R59(DIEN TRO 0805)
Add component (AddParameter): Name = "LatestRevisionDate"; Value = "17-Jul-2002"; VariantName = "[No Variations]"
Add component (AddParameter): Name = "LatestRevisionNote"; Value = "Re-released for DXP Platform."; VariantName = "[No Variations]"
Add component (AddParameter): Name = "PackageReference"; Value = "AXIAL-0.4"; VariantName = "[No Variations]"
Add component (AddParameter): Name = "Published"; Value = "8-Jun-2000"; VariantName = "[No Variations]"
Add component (AddParameter): Name = "Publisher"; Value = "Altium Limited"; VariantName = "[No Variations]"
Add component (AddParameter): Name = "Value"; Value = "0.82K"; VariantName = "[No Variations]"
Added Component: Designator=U1(SOP-4)
Add component (AddParameter): Name = "Value"; Value = "PC817"; VariantName = "[No Variations]"
Added Component: Designator=U2(SOP-4)
Add component (AddParameter): Name = "Value"; Value = "PC817"; VariantName = "[No Variations]"
Added Component: Designator=U3(SOP-4)
Add component (AddParameter): Name = "Value"; Value = "PC817"; VariantName = "[No Variations]"
Added Component: Designator=U4(SOP-4)
Add component (AddParameter): Name = "Value"; Value = "PC817"; VariantName = "[No Variations]"
Added Component: Designator=U5(SOP-4)
Add component (AddParameter): Name = "Value"; Value = "PC817"; VariantName = "[No Variations]"
Added Component: Designator=U6(SOP-4)
Add component (AddParameter): Name = "Value"; Value = "PC817"; VariantName = "[No Variations]"
Added Component: Designator=U7(SOP-4)
Add component (AddParameter): Name = "Value"; Value = "PC817"; VariantName = "[No Variations]"
Added Component: Designator=U8(SOP-4)
Add component (AddParameter): Name = "Value"; Value = "PC817"; VariantName = "[No Variations]"
Added Component: Designator=U9(SOP-4)
Add component (AddParameter): Name = "Value"; Value = "PC817"; VariantName = "[No Variations]"
Added Component: Designator=U10(SOP-4)
Add component (AddParameter): Name = "Value"; Value = "PC817"; VariantName = "[No Variations]"
Added Pin To Net: NetName=5V Pin=C1-1
Added Pin To Net: NetName=5V Pin=L1-2
Added Pin To Net: NetName=5V Pin=LED25-1
Added Pin To Net: NetName=5V Pin=P?-5V@3
Added Pin To Net: NetName=5V Pin=R12-2
Added Pin To Net: NetName=5V Pin=R13-2
Added Pin To Net: NetName=5V Pin=R23-2
Added Pin To Net: NetName=5V Pin=R24-2
Added Pin To Net: NetName=5V Pin=R31-2
Added Pin To Net: NetName=5V Pin=R32-2
Added Pin To Net: NetName=5V Pin=R39-2
Added Pin To Net: NetName=5V Pin=R40-2
Added Pin To Net: NetName=5V Pin=R47-2
Added Pin To Net: NetName=5V Pin=R48-2
Added Pin To Net: NetName=5V Pin=R56-1
Added Net: Name=5V
Added Pin To Net: NetName=24V Pin=D1-1
Added Pin To Net: NetName=24V Pin=IC1-9
Added Pin To Net: NetName=24V Pin=IC2-9
Added Pin To Net: NetName=24V Pin=JP3-7
Added Pin To Net: NetName=24V Pin=JP3-7
Added Pin To Net: NetName=24V Pin=JP3-8
Added Pin To Net: NetName=24V Pin=JP3-8
Added Pin To Net: NetName=24V Pin=JP6-1
Added Pin To Net: NetName=24V Pin=JP6-1
Added Pin To Net: NetName=24V Pin=JP7-1
Added Pin To Net: NetName=24V Pin=JP7-1
Added Pin To Net: NetName=24V Pin=JUMP_24V-1
Added Pin To Net: NetName=24V Pin=JUMP_24V-2
Added Pin To Net: NetName=24V Pin=JUMP_24V-3
Added Pin To Net: NetName=24V Pin=JUMP_24V-4
Added Pin To Net: NetName=24V Pin=JUMP_24V-5
Added Pin To Net: NetName=24V Pin=JUMP_24V-6
Added Pin To Net: NetName=24V Pin=JUMP_24V-7
Added Pin To Net: NetName=24V Pin=JUMP_24V-8
Added Pin To Net: NetName=24V Pin=JUMP_24V-9
Added Pin To Net: NetName=24V Pin=JUMP_24V-10
Added Pin To Net: NetName=24V Pin=K1-1
Added Pin To Net: NetName=24V Pin=K1-3
Added Pin To Net: NetName=24V Pin=K1-8
Added Pin To Net: NetName=24V Pin=K2-1
Added Pin To Net: NetName=24V Pin=K2-3
Added Pin To Net: NetName=24V Pin=K2-8
Added Pin To Net: NetName=24V Pin=K3-1
Added Pin To Net: NetName=24V Pin=K4-1
Added Pin To Net: NetName=24V Pin=K4-3
Added Pin To Net: NetName=24V Pin=K4-8
Added Pin To Net: NetName=24V Pin=K5-1
Added Pin To Net: NetName=24V Pin=K5-3
Added Pin To Net: NetName=24V Pin=K5-8
Added Pin To Net: NetName=24V Pin=K6-1
Added Pin To Net: NetName=24V Pin=K7-1
Added Pin To Net: NetName=24V Pin=K7-3
Added Pin To Net: NetName=24V Pin=K7-8
Added Pin To Net: NetName=24V Pin=K8-1
Added Pin To Net: NetName=24V Pin=K8-3
Added Pin To Net: NetName=24V Pin=K8-8
Added Pin To Net: NetName=24V Pin=K9-1
Added Pin To Net: NetName=24V Pin=K10-1
Added Pin To Net: NetName=24V Pin=K10-3
Added Pin To Net: NetName=24V Pin=K10-8
Added Pin To Net: NetName=24V Pin=K11-1
Added Pin To Net: NetName=24V Pin=K11-3
Added Pin To Net: NetName=24V Pin=K11-8
Added Pin To Net: NetName=24V Pin=K12-1
Added Pin To Net: NetName=24V Pin=K13-1
Added Pin To Net: NetName=24V Pin=K13-3
Added Pin To Net: NetName=24V Pin=K13-8
Added Pin To Net: NetName=24V Pin=K14-1
Added Pin To Net: NetName=24V Pin=K14-3
Added Pin To Net: NetName=24V Pin=K14-8
Added Net: Name=24V
Added Pin To Net: NetName=GND Pin=*-3
Added Pin To Net: NetName=GND Pin=*-3
Added Pin To Net: NetName=GND Pin=C1-2
Added Pin To Net: NetName=GND Pin=C2-2
Added Pin To Net: NetName=GND Pin=C3-1
Added Pin To Net: NetName=GND Pin=C4-2
Added Pin To Net: NetName=GND Pin=C5-1
Added Pin To Net: NetName=GND Pin=D2-1
Added Pin To Net: NetName=GND Pin=IC1-8
Added Pin To Net: NetName=GND Pin=IC2-8
Added Pin To Net: NetName=GND Pin=JP3-9
Added Pin To Net: NetName=GND Pin=JP3-9
Added Pin To Net: NetName=GND Pin=JP3-10
Added Pin To Net: NetName=GND Pin=JP3-10
Added Pin To Net: NetName=GND Pin=JP6-2
Added Pin To Net: NetName=GND Pin=JP6-2
Added Pin To Net: NetName=GND Pin=JP7-2
Added Pin To Net: NetName=GND Pin=JP7-2
Added Pin To Net: NetName=GND Pin=JUMP_0V-1
Added Pin To Net: NetName=GND Pin=JUMP_0V-2
Added Pin To Net: NetName=GND Pin=JUMP_0V-3
Added Pin To Net: NetName=GND Pin=JUMP_0V-4
Added Pin To Net: NetName=GND Pin=JUMP_0V-5
Added Pin To Net: NetName=GND Pin=JUMP_0V-6
Added Pin To Net: NetName=GND Pin=JUMP_0V-7
Added Pin To Net: NetName=GND Pin=JUMP_0V-8
Added Pin To Net: NetName=GND Pin=JUMP_0V-9
Added Pin To Net: NetName=GND Pin=JUMP_0V-10
Added Pin To Net: NetName=GND Pin=K1-5
Added Pin To Net: NetName=GND Pin=K1-10
Added Pin To Net: NetName=GND Pin=K2-5
Added Pin To Net: NetName=GND Pin=K2-10
Added Pin To Net: NetName=GND Pin=K4-5
Added Pin To Net: NetName=GND Pin=K4-10
Added Pin To Net: NetName=GND Pin=K5-5
Added Pin To Net: NetName=GND Pin=K5-10
Added Pin To Net: NetName=GND Pin=K7-5
Added Pin To Net: NetName=GND Pin=K7-10
Added Pin To Net: NetName=GND Pin=K8-5
Added Pin To Net: NetName=GND Pin=K8-10
Added Pin To Net: NetName=GND Pin=K10-5
Added Pin To Net: NetName=GND Pin=K10-10
Added Pin To Net: NetName=GND Pin=K11-5
Added Pin To Net: NetName=GND Pin=K11-10
Added Pin To Net: NetName=GND Pin=K13-5
Added Pin To Net: NetName=GND Pin=K13-10
Added Pin To Net: NetName=GND Pin=K14-5
Added Pin To Net: NetName=GND Pin=K14-10
Added Pin To Net: NetName=GND Pin=P?-GND@5
Added Pin To Net: NetName=GND Pin=R1-2
Added Pin To Net: NetName=GND Pin=R2-2
Added Pin To Net: NetName=GND Pin=R3-2
Added Pin To Net: NetName=GND Pin=R4-2
Added Pin To Net: NetName=GND Pin=R5-2
Added Pin To Net: NetName=GND Pin=R6-2
Added Pin To Net: NetName=GND Pin=R7-2
Added Pin To Net: NetName=GND Pin=R8-2
Added Pin To Net: NetName=GND Pin=R9-2
Added Pin To Net: NetName=GND Pin=R10-2
Added Pin To Net: NetName=GND Pin=R11-2
Added Pin To Net: NetName=GND Pin=R14-2
Added Pin To Net: NetName=GND Pin=R17-2
Added Pin To Net: NetName=GND Pin=R20-2
Added Pin To Net: NetName=GND Pin=R57-2
Added Pin To Net: NetName=GND Pin=R58-2
Added Pin To Net: NetName=GND Pin=R59-2
Added Pin To Net: NetName=GND Pin=U1-3
Added Pin To Net: NetName=GND Pin=U2-3
Added Pin To Net: NetName=GND Pin=U3-3
Added Pin To Net: NetName=GND Pin=U4-3
Added Pin To Net: NetName=GND Pin=U5-3
Added Pin To Net: NetName=GND Pin=U6-3
Added Pin To Net: NetName=GND Pin=U7-3
Added Pin To Net: NetName=GND Pin=U8-3
Added Pin To Net: NetName=GND Pin=U9-3
Added Pin To Net: NetName=GND Pin=U10-3
Added Net: Name=GND
Added Pin To Net: NetName=Net*_1 Pin=*-1
Added Pin To Net: NetName=Net*_1 Pin=C4-1
Added Pin To Net: NetName=Net*_1 Pin=D1-2
Added Pin To Net: NetName=Net*_1 Pin=R55-1
Added Net: Name=Net*_1
Added Pin To Net: NetName=Net*_2 Pin=*-2
Added Pin To Net: NetName=Net*_2 Pin=D2-2
Added Pin To Net: NetName=Net*_2 Pin=L1-1
Added Net: Name=Net*_2
Added Pin To Net: NetName=Net*_4 Pin=*-4
Added Pin To Net: NetName=Net*_4 Pin=C3-2
Added Pin To Net: NetName=Net*_4 Pin=R56-2
Added Pin To Net: NetName=Net*_4 Pin=R59-1
Added Net: Name=Net*_4
Added Pin To Net: NetName=Net*_5 Pin=*-5
Added Pin To Net: NetName=Net*_5 Pin=C5-2
Added Pin To Net: NetName=Net*_5 Pin=R55-2
Added Pin To Net: NetName=Net*_5 Pin=R57-1
Added Net: Name=Net*_5
Added Pin To Net: NetName=NetIC1_1 Pin=IC1-1
Added Pin To Net: NetName=NetIC1_1 Pin=LED1-1
Added Net: Name=NetIC1_1
Added Pin To Net: NetName=NetIC1_2 Pin=IC1-2
Added Pin To Net: NetName=NetIC1_2 Pin=LED2-1
Added Net: Name=NetIC1_2
Added Pin To Net: NetName=NetIC1_3 Pin=IC1-3
Added Pin To Net: NetName=NetIC1_3 Pin=LED3-1
Added Net: Name=NetIC1_3
Added Pin To Net: NetName=NetIC1_4 Pin=IC1-4
Added Pin To Net: NetName=NetIC1_4 Pin=LED4-1
Added Net: Name=NetIC1_4
Added Pin To Net: NetName=NetIC1_5 Pin=IC1-5
Added Pin To Net: NetName=NetIC1_5 Pin=LED5-1
Added Net: Name=NetIC1_5
Added Pin To Net: NetName=NetIC1_6 Pin=IC1-6
Added Pin To Net: NetName=NetIC1_6 Pin=LED6-1
Added Net: Name=NetIC1_6
Added Pin To Net: NetName=NetIC1_7 Pin=IC1-7
Added Pin To Net: NetName=NetIC1_7 Pin=LED7-1
Added Net: Name=NetIC1_7
Added Pin To Net: NetName=NetIC1_10 Pin=IC1-10
Added Pin To Net: NetName=NetIC1_10 Pin=K5-12
Added Pin To Net: NetName=NetIC1_10 Pin=P?-34
Added Net: Name=NetIC1_10
Added Pin To Net: NetName=NetIC1_11 Pin=IC1-11
Added Pin To Net: NetName=NetIC1_11 Pin=K2-12
Added Pin To Net: NetName=NetIC1_11 Pin=P?-32
Added Net: Name=NetIC1_11
Added Pin To Net: NetName=NetIC1_12 Pin=IC1-12
Added Pin To Net: NetName=NetIC1_12 Pin=K13-12
Added Pin To Net: NetName=NetIC1_12 Pin=P?-30
Added Net: Name=NetIC1_12
Added Pin To Net: NetName=NetIC1_13 Pin=IC1-13
Added Pin To Net: NetName=NetIC1_13 Pin=K10-12
Added Pin To Net: NetName=NetIC1_13 Pin=P?-28
Added Net: Name=NetIC1_13
Added Pin To Net: NetName=NetIC1_14 Pin=IC1-14
Added Pin To Net: NetName=NetIC1_14 Pin=K7-12
Added Pin To Net: NetName=NetIC1_14 Pin=P?-26
Added Net: Name=NetIC1_14
Added Pin To Net: NetName=NetIC1_15 Pin=IC1-15
Added Pin To Net: NetName=NetIC1_15 Pin=K4-12
Added Pin To Net: NetName=NetIC1_15 Pin=P?-24
Added Net: Name=NetIC1_15
Added Pin To Net: NetName=NetIC1_16 Pin=IC1-16
Added Pin To Net: NetName=NetIC1_16 Pin=K1-12
Added Pin To Net: NetName=NetIC1_16 Pin=P?-22
Added Net: Name=NetIC1_16
Added Pin To Net: NetName=NetIC2_1 Pin=IC2-1
Added Pin To Net: NetName=NetIC2_1 Pin=LED8-1
Added Net: Name=NetIC2_1
Added Pin To Net: NetName=NetIC2_2 Pin=IC2-2
Added Pin To Net: NetName=NetIC2_2 Pin=LED9-1
Added Net: Name=NetIC2_2
Added Pin To Net: NetName=NetIC2_3 Pin=IC2-3
Added Pin To Net: NetName=NetIC2_3 Pin=LED10-1
Added Net: Name=NetIC2_3
Added Pin To Net: NetName=NetIC2_4 Pin=IC2-4
Added Pin To Net: NetName=NetIC2_4 Pin=LED11-1
Added Net: Name=NetIC2_4
Added Pin To Net: NetName=NetIC2_5 Pin=IC2-5
Added Pin To Net: NetName=NetIC2_5 Pin=LED12-1
Added Net: Name=NetIC2_5
Added Pin To Net: NetName=NetIC2_6 Pin=IC2-6
Added Pin To Net: NetName=NetIC2_6 Pin=LED13-1
Added Net: Name=NetIC2_6
Added Pin To Net: NetName=NetIC2_7 Pin=IC2-7
Added Pin To Net: NetName=NetIC2_7 Pin=LED16-1
Added Net: Name=NetIC2_7
Added Pin To Net: NetName=NetIC2_10 Pin=IC2-10
Added Pin To Net: NetName=NetIC2_10 Pin=K12-12
Added Pin To Net: NetName=NetIC2_10 Pin=P?-48
Added Net: Name=NetIC2_10
Added Pin To Net: NetName=NetIC2_11 Pin=IC2-11
Added Pin To Net: NetName=NetIC2_11 Pin=K9-12
Added Pin To Net: NetName=NetIC2_11 Pin=P?-46
Added Net: Name=NetIC2_11
Added Pin To Net: NetName=NetIC2_12 Pin=IC2-12
Added Pin To Net: NetName=NetIC2_12 Pin=K6-12
Added Pin To Net: NetName=NetIC2_12 Pin=P?-44
Added Net: Name=NetIC2_12
Added Pin To Net: NetName=NetIC2_13 Pin=IC2-13
Added Pin To Net: NetName=NetIC2_13 Pin=K3-12
Added Pin To Net: NetName=NetIC2_13 Pin=P?-42
Added Net: Name=NetIC2_13
Added Pin To Net: NetName=NetIC2_14 Pin=IC2-14
Added Pin To Net: NetName=NetIC2_14 Pin=K14-12
Added Pin To Net: NetName=NetIC2_14 Pin=P?-40
Added Net: Name=NetIC2_14
Added Pin To Net: NetName=NetIC2_15 Pin=IC2-15
Added Pin To Net: NetName=NetIC2_15 Pin=K11-12
Added Pin To Net: NetName=NetIC2_15 Pin=P?-38
Added Net: Name=NetIC2_15
Added Pin To Net: NetName=NetIC2_16 Pin=IC2-16
Added Pin To Net: NetName=NetIC2_16 Pin=K8-12
Added Pin To Net: NetName=NetIC2_16 Pin=P?-36
Added Net: Name=NetIC2_16
Added Pin To Net: NetName=NetJP1_1 Pin=JP1-1
Added Pin To Net: NetName=NetJP1_1 Pin=JP1-1
Added Pin To Net: NetName=NetJP1_1 Pin=JUMP_24V-20
Added Pin To Net: NetName=NetJP1_1 Pin=R15-1
Added Pin To Net: NetName=NetJP1_1 Pin=R18-1
Added Pin To Net: NetName=NetJP1_1 Pin=R21-1
Added Net: Name=NetJP1_1
Added Pin To Net: NetName=NetJP1_2 Pin=JP1-2
Added Pin To Net: NetName=NetJP1_2 Pin=JP1-2
Added Pin To Net: NetName=NetJP1_2 Pin=JUMP_24V-19
Added Pin To Net: NetName=NetJP1_2 Pin=R25-1
Added Pin To Net: NetName=NetJP1_2 Pin=R27-1
Added Pin To Net: NetName=NetJP1_2 Pin=R29-1
Added Net: Name=NetJP1_2
Added Pin To Net: NetName=NetJP1_3 Pin=JP1-3
Added Pin To Net: NetName=NetJP1_3 Pin=JP1-3
Added Pin To Net: NetName=NetJP1_3 Pin=JUMP_24V-18
Added Pin To Net: NetName=NetJP1_3 Pin=R33-1
Added Pin To Net: NetName=NetJP1_3 Pin=R35-1
Added Pin To Net: NetName=NetJP1_3 Pin=R37-1
Added Net: Name=NetJP1_3
Added Pin To Net: NetName=NetJP1_4 Pin=JP1-4
Added Pin To Net: NetName=NetJP1_4 Pin=JP1-4
Added Pin To Net: NetName=NetJP1_4 Pin=JUMP_24V-17
Added Pin To Net: NetName=NetJP1_4 Pin=R41-1
Added Pin To Net: NetName=NetJP1_4 Pin=R43-1
Added Pin To Net: NetName=NetJP1_4 Pin=R45-1
Added Net: Name=NetJP1_4
Added Pin To Net: NetName=NetJP1_5 Pin=JP1-5
Added Pin To Net: NetName=NetJP1_5 Pin=JP1-5
Added Pin To Net: NetName=NetJP1_5 Pin=JUMP_24V-16
Added Pin To Net: NetName=NetJP1_5 Pin=R49-1
Added Pin To Net: NetName=NetJP1_5 Pin=R51-1
Added Pin To Net: NetName=NetJP1_5 Pin=R53-1
Added Net: Name=NetJP1_5
Added Pin To Net: NetName=NetJP1_6 Pin=JP1-6
Added Pin To Net: NetName=NetJP1_6 Pin=JP1-6
Added Pin To Net: NetName=NetJP1_6 Pin=JUMP_24V-15
Added Pin To Net: NetName=NetJP1_6 Pin=R16-1
Added Pin To Net: NetName=NetJP1_6 Pin=R19-1
Added Pin To Net: NetName=NetJP1_6 Pin=R22-1
Added Net: Name=NetJP1_6
Added Pin To Net: NetName=NetJP1_7 Pin=JP1-7
Added Pin To Net: NetName=NetJP1_7 Pin=JP1-7
Added Pin To Net: NetName=NetJP1_7 Pin=JUMP_24V-14
Added Pin To Net: NetName=NetJP1_7 Pin=R26-1
Added Pin To Net: NetName=NetJP1_7 Pin=R28-1
Added Pin To Net: NetName=NetJP1_7 Pin=R30-1
Added Net: Name=NetJP1_7
Added Pin To Net: NetName=NetJP1_8 Pin=JP1-8
Added Pin To Net: NetName=NetJP1_8 Pin=JP1-8
Added Pin To Net: NetName=NetJP1_8 Pin=JUMP_24V-13
Added Pin To Net: NetName=NetJP1_8 Pin=R34-1
Added Pin To Net: NetName=NetJP1_8 Pin=R36-1
Added Pin To Net: NetName=NetJP1_8 Pin=R38-1
Added Net: Name=NetJP1_8
Added Pin To Net: NetName=NetJP1_9 Pin=JP1-9
Added Pin To Net: NetName=NetJP1_9 Pin=JP1-9
Added Pin To Net: NetName=NetJP1_9 Pin=JUMP_24V-12
Added Pin To Net: NetName=NetJP1_9 Pin=R42-1
Added Pin To Net: NetName=NetJP1_9 Pin=R44-1
Added Pin To Net: NetName=NetJP1_9 Pin=R46-1
Added Net: Name=NetJP1_9
Added Pin To Net: NetName=NetJP1_10 Pin=JP1-10
Added Pin To Net: NetName=NetJP1_10 Pin=JP1-10
Added Pin To Net: NetName=NetJP1_10 Pin=JUMP_24V-11
Added Pin To Net: NetName=NetJP1_10 Pin=R50-1
Added Pin To Net: NetName=NetJP1_10 Pin=R52-1
Added Pin To Net: NetName=NetJP1_10 Pin=R54-1
Added Net: Name=NetJP1_10
Added Pin To Net: NetName=NetJP2_1 Pin=JP2-1
Added Pin To Net: NetName=NetJP2_1 Pin=JP2-1
Added Pin To Net: NetName=NetJP2_1 Pin=JUMP_0V-20
Added Pin To Net: NetName=NetJP2_1 Pin=U1-2
Added Net: Name=NetJP2_1
Added Pin To Net: NetName=NetJP2_2 Pin=JP2-2
Added Pin To Net: NetName=NetJP2_2 Pin=JP2-2
Added Pin To Net: NetName=NetJP2_2 Pin=JUMP_0V-19
Added Pin To Net: NetName=NetJP2_2 Pin=U3-2
Added Net: Name=NetJP2_2
Added Pin To Net: NetName=NetJP2_3 Pin=JP2-3
Added Pin To Net: NetName=NetJP2_3 Pin=JP2-3
Added Pin To Net: NetName=NetJP2_3 Pin=JUMP_0V-18
Added Pin To Net: NetName=NetJP2_3 Pin=U5-2
Added Net: Name=NetJP2_3
Added Pin To Net: NetName=NetJP2_4 Pin=JP2-4
Added Pin To Net: NetName=NetJP2_4 Pin=JP2-4
Added Pin To Net: NetName=NetJP2_4 Pin=JUMP_0V-17
Added Pin To Net: NetName=NetJP2_4 Pin=U7-2
Added Net: Name=NetJP2_4
Added Pin To Net: NetName=NetJP2_5 Pin=JP2-5
Added Pin To Net: NetName=NetJP2_5 Pin=JP2-5
Added Pin To Net: NetName=NetJP2_5 Pin=JUMP_0V-16
Added Pin To Net: NetName=NetJP2_5 Pin=U9-2
Added Net: Name=NetJP2_5
Added Pin To Net: NetName=NetJP2_6 Pin=JP2-6
Added Pin To Net: NetName=NetJP2_6 Pin=JP2-6
Added Pin To Net: NetName=NetJP2_6 Pin=JUMP_0V-15
Added Pin To Net: NetName=NetJP2_6 Pin=U2-2
Added Net: Name=NetJP2_6
Added Pin To Net: NetName=NetJP2_7 Pin=JP2-7
Added Pin To Net: NetName=NetJP2_7 Pin=JP2-7
Added Pin To Net: NetName=NetJP2_7 Pin=JUMP_0V-14
Added Pin To Net: NetName=NetJP2_7 Pin=U4-2
Added Net: Name=NetJP2_7
Added Pin To Net: NetName=NetJP2_8 Pin=JP2-8
Added Pin To Net: NetName=NetJP2_8 Pin=JP2-8
Added Pin To Net: NetName=NetJP2_8 Pin=JUMP_0V-13
Added Pin To Net: NetName=NetJP2_8 Pin=U6-2
Added Net: Name=NetJP2_8
Added Pin To Net: NetName=NetJP2_9 Pin=JP2-9
Added Pin To Net: NetName=NetJP2_9 Pin=JP2-9
Added Pin To Net: NetName=NetJP2_9 Pin=JUMP_0V-12
Added Pin To Net: NetName=NetJP2_9 Pin=U8-2
Added Net: Name=NetJP2_9
Added Pin To Net: NetName=NetJP2_10 Pin=JP2-10
Added Pin To Net: NetName=NetJP2_10 Pin=JP2-10
Added Pin To Net: NetName=NetJP2_10 Pin=JUMP_0V-11
Added Pin To Net: NetName=NetJP2_10 Pin=U10-2
Added Net: Name=NetJP2_10
Added Pin To Net: NetName=NetJP3_1 Pin=JP3-1
Added Pin To Net: NetName=NetJP3_1 Pin=JP3-1
Added Pin To Net: NetName=NetJP3_1 Pin=P?-A0
Added Net: Name=NetJP3_1
Added Pin To Net: NetName=NetJP3_2 Pin=JP3-2
Added Pin To Net: NetName=NetJP3_2 Pin=JP3-2
Added Pin To Net: NetName=NetJP3_2 Pin=P?-A1
Added Net: Name=NetJP3_2
Added Pin To Net: NetName=NetJP3_3 Pin=JP3-3
Added Pin To Net: NetName=NetJP3_3 Pin=JP3-3
Added Pin To Net: NetName=NetJP3_3 Pin=P?-A2
Added Net: Name=NetJP3_3
Added Pin To Net: NetName=NetJP3_4 Pin=JP3-4
Added Pin To Net: NetName=NetJP3_4 Pin=JP3-4
Added Pin To Net: NetName=NetJP3_4 Pin=P?-A3
Added Net: Name=NetJP3_4
Added Pin To Net: NetName=NetJP3_5 Pin=JP3-5
Added Pin To Net: NetName=NetJP3_5 Pin=JP3-5
Added Pin To Net: NetName=NetJP3_5 Pin=P?-2
Added Net: Name=NetJP3_5
Added Pin To Net: NetName=NetJP3_6 Pin=JP3-6
Added Pin To Net: NetName=NetJP3_6 Pin=JP3-6
Added Pin To Net: NetName=NetJP3_6 Pin=P?-3
Added Net: Name=NetJP3_6
Added Pin To Net: NetName=NetJP4_1 Pin=JP4-1
Added Pin To Net: NetName=NetJP4_1 Pin=JP4-1
Added Pin To Net: NetName=NetJP4_1 Pin=K1-4
Added Net: Name=NetJP4_1
Added Pin To Net: NetName=NetJP4_2 Pin=JP4-2
Added Pin To Net: NetName=NetJP4_2 Pin=JP4-2
Added Pin To Net: NetName=NetJP4_2 Pin=K4-4
Added Net: Name=NetJP4_2
Added Pin To Net: NetName=NetJP4_3 Pin=JP4-3
Added Pin To Net: NetName=NetJP4_3 Pin=JP4-3
Added Pin To Net: NetName=NetJP4_3 Pin=K7-4
Added Net: Name=NetJP4_3
Added Pin To Net: NetName=NetJP4_4 Pin=JP4-4
Added Pin To Net: NetName=NetJP4_4 Pin=JP4-4
Added Pin To Net: NetName=NetJP4_4 Pin=K10-4
Added Net: Name=NetJP4_4
Added Pin To Net: NetName=NetJP4_5 Pin=JP4-5
Added Pin To Net: NetName=NetJP4_5 Pin=JP4-5
Added Pin To Net: NetName=NetJP4_5 Pin=K13-4
Added Net: Name=NetJP4_5
Added Pin To Net: NetName=NetJP4_6 Pin=JP4-6
Added Pin To Net: NetName=NetJP4_6 Pin=JP4-6
Added Pin To Net: NetName=NetJP4_6 Pin=K2-4
Added Net: Name=NetJP4_6
Added Pin To Net: NetName=NetJP4_7 Pin=JP4-7
Added Pin To Net: NetName=NetJP4_7 Pin=JP4-7
Added Pin To Net: NetName=NetJP4_7 Pin=K5-4
Added Net: Name=NetJP4_7
Added Pin To Net: NetName=NetJP4_8 Pin=JP4-8
Added Pin To Net: NetName=NetJP4_8 Pin=JP4-8
Added Pin To Net: NetName=NetJP4_8 Pin=K8-4
Added Net: Name=NetJP4_8
Added Pin To Net: NetName=NetJP4_9 Pin=JP4-9
Added Pin To Net: NetName=NetJP4_9 Pin=JP4-9
Added Pin To Net: NetName=NetJP4_9 Pin=K11-4
Added Net: Name=NetJP4_9
Added Pin To Net: NetName=NetJP4_10 Pin=JP4-10
Added Pin To Net: NetName=NetJP4_10 Pin=JP4-10
Added Pin To Net: NetName=NetJP4_10 Pin=K14-4
Added Net: Name=NetJP4_10
Added Pin To Net: NetName=NetJP5_1 Pin=JP5-1
Added Pin To Net: NetName=NetJP5_1 Pin=JP5-1
Added Pin To Net: NetName=NetJP5_1 Pin=K1-9
Added Net: Name=NetJP5_1
Added Pin To Net: NetName=NetJP5_2 Pin=JP5-2
Added Pin To Net: NetName=NetJP5_2 Pin=JP5-2
Added Pin To Net: NetName=NetJP5_2 Pin=K4-9
Added Net: Name=NetJP5_2
Added Pin To Net: NetName=NetJP5_3 Pin=JP5-3
Added Pin To Net: NetName=NetJP5_3 Pin=JP5-3
Added Pin To Net: NetName=NetJP5_3 Pin=K7-9
Added Net: Name=NetJP5_3
Added Pin To Net: NetName=NetJP5_4 Pin=JP5-4
Added Pin To Net: NetName=NetJP5_4 Pin=JP5-4
Added Pin To Net: NetName=NetJP5_4 Pin=K10-9
Added Net: Name=NetJP5_4
Added Pin To Net: NetName=NetJP5_5 Pin=JP5-5
Added Pin To Net: NetName=NetJP5_5 Pin=JP5-5
Added Pin To Net: NetName=NetJP5_5 Pin=K13-9
Added Net: Name=NetJP5_5
Added Pin To Net: NetName=NetJP5_6 Pin=JP5-6
Added Pin To Net: NetName=NetJP5_6 Pin=JP5-6
Added Pin To Net: NetName=NetJP5_6 Pin=K2-9
Added Net: Name=NetJP5_6
Added Pin To Net: NetName=NetJP5_7 Pin=JP5-7
Added Pin To Net: NetName=NetJP5_7 Pin=JP5-7
Added Pin To Net: NetName=NetJP5_7 Pin=K5-9
Added Net: Name=NetJP5_7
Added Pin To Net: NetName=NetJP5_8 Pin=JP5-8
Added Pin To Net: NetName=NetJP5_8 Pin=JP5-8
Added Pin To Net: NetName=NetJP5_8 Pin=K8-9
Added Net: Name=NetJP5_8
Added Pin To Net: NetName=NetJP5_9 Pin=JP5-9
Added Pin To Net: NetName=NetJP5_9 Pin=JP5-9
Added Pin To Net: NetName=NetJP5_9 Pin=K11-9
Added Net: Name=NetJP5_9
Added Pin To Net: NetName=NetJP5_10 Pin=JP5-10
Added Pin To Net: NetName=NetJP5_10 Pin=JP5-10
Added Pin To Net: NetName=NetJP5_10 Pin=K14-9
Added Net: Name=NetJP5_10
Added Pin To Net: NetName=NetJP6_3 Pin=JP6-3
Added Pin To Net: NetName=NetJP6_3 Pin=JP6-3
Added Pin To Net: NetName=NetJP6_3 Pin=K3-4
Added Net: Name=NetJP6_3
Added Pin To Net: NetName=NetJP6_4 Pin=JP6-4
Added Pin To Net: NetName=NetJP6_4 Pin=JP6-4
Added Pin To Net: NetName=NetJP6_4 Pin=K3-9
Added Net: Name=NetJP6_4
Added Pin To Net: NetName=NetJP6_5 Pin=JP6-5
Added Pin To Net: NetName=NetJP6_5 Pin=JP6-5
Added Pin To Net: NetName=NetJP6_5 Pin=K3-3
Added Pin To Net: NetName=NetJP6_5 Pin=K3-8
Added Net: Name=NetJP6_5
Added Pin To Net: NetName=NetJP6_6 Pin=JP6-6
Added Pin To Net: NetName=NetJP6_6 Pin=JP6-6
Added Pin To Net: NetName=NetJP6_6 Pin=K3-5
Added Pin To Net: NetName=NetJP6_6 Pin=K3-10
Added Net: Name=NetJP6_6
Added Pin To Net: NetName=NetJP6_7 Pin=JP6-7
Added Pin To Net: NetName=NetJP6_7 Pin=JP6-7
Added Pin To Net: NetName=NetJP6_7 Pin=K6-4
Added Net: Name=NetJP6_7
Added Pin To Net: NetName=NetJP6_8 Pin=JP6-8
Added Pin To Net: NetName=NetJP6_8 Pin=JP6-8
Added Pin To Net: NetName=NetJP6_8 Pin=K6-9
Added Net: Name=NetJP6_8
Added Pin To Net: NetName=NetJP6_9 Pin=JP6-9
Added Pin To Net: NetName=NetJP6_9 Pin=JP6-9
Added Pin To Net: NetName=NetJP6_9 Pin=K6-3
Added Pin To Net: NetName=NetJP6_9 Pin=K6-8
Added Net: Name=NetJP6_9
Added Pin To Net: NetName=NetJP6_10 Pin=JP6-10
Added Pin To Net: NetName=NetJP6_10 Pin=JP6-10
Added Pin To Net: NetName=NetJP6_10 Pin=K6-5
Added Pin To Net: NetName=NetJP6_10 Pin=K6-10
Added Net: Name=NetJP6_10
Added Pin To Net: NetName=NetJP7_3 Pin=JP7-3
Added Pin To Net: NetName=NetJP7_3 Pin=JP7-3
Added Pin To Net: NetName=NetJP7_3 Pin=K9-4
Added Net: Name=NetJP7_3
Added Pin To Net: NetName=NetJP7_4 Pin=JP7-4
Added Pin To Net: NetName=NetJP7_4 Pin=JP7-4
Added Pin To Net: NetName=NetJP7_4 Pin=K9-9
Added Net: Name=NetJP7_4
Added Pin To Net: NetName=NetJP7_5 Pin=JP7-5
Added Pin To Net: NetName=NetJP7_5 Pin=JP7-5
Added Pin To Net: NetName=NetJP7_5 Pin=K9-3
Added Pin To Net: NetName=NetJP7_5 Pin=K9-8
Added Net: Name=NetJP7_5
Added Pin To Net: NetName=NetJP7_6 Pin=JP7-6
Added Pin To Net: NetName=NetJP7_6 Pin=JP7-6
Added Pin To Net: NetName=NetJP7_6 Pin=K9-5
Added Pin To Net: NetName=NetJP7_6 Pin=K9-10
Added Net: Name=NetJP7_6
Added Pin To Net: NetName=NetJP7_7 Pin=JP7-7
Added Pin To Net: NetName=NetJP7_7 Pin=JP7-7
Added Pin To Net: NetName=NetJP7_7 Pin=K12-4
Added Net: Name=NetJP7_7
Added Pin To Net: NetName=NetJP7_8 Pin=JP7-8
Added Pin To Net: NetName=NetJP7_8 Pin=JP7-8
Added Pin To Net: NetName=NetJP7_8 Pin=K12-9
Added Net: Name=NetJP7_8
Added Pin To Net: NetName=NetJP7_9 Pin=JP7-9
Added Pin To Net: NetName=NetJP7_9 Pin=JP7-9
Added Pin To Net: NetName=NetJP7_9 Pin=K12-3
Added Pin To Net: NetName=NetJP7_9 Pin=K12-8
Added Net: Name=NetJP7_9
Added Pin To Net: NetName=NetJP7_10 Pin=JP7-10
Added Pin To Net: NetName=NetJP7_10 Pin=JP7-10
Added Pin To Net: NetName=NetJP7_10 Pin=K12-5
Added Pin To Net: NetName=NetJP7_10 Pin=K12-10
Added Net: Name=NetJP7_10
Added Pin To Net: NetName=NetLED1_2 Pin=LED1-2
Added Pin To Net: NetName=NetLED1_2 Pin=R1-1
Added Net: Name=NetLED1_2
Added Pin To Net: NetName=NetLED2_2 Pin=LED2-2
Added Pin To Net: NetName=NetLED2_2 Pin=R2-1
Added Net: Name=NetLED2_2
Added Pin To Net: NetName=NetLED3_2 Pin=LED3-2
Added Pin To Net: NetName=NetLED3_2 Pin=R3-1
Added Net: Name=NetLED3_2
Added Pin To Net: NetName=NetLED4_2 Pin=LED4-2
Added Pin To Net: NetName=NetLED4_2 Pin=R4-1
Added Net: Name=NetLED4_2
Added Pin To Net: NetName=NetLED5_2 Pin=LED5-2
Added Pin To Net: NetName=NetLED5_2 Pin=R5-1
Added Net: Name=NetLED5_2
Added Pin To Net: NetName=NetLED6_2 Pin=LED6-2
Added Pin To Net: NetName=NetLED6_2 Pin=R6-1
Added Net: Name=NetLED6_2
Added Pin To Net: NetName=NetLED7_2 Pin=LED7-2
Added Pin To Net: NetName=NetLED7_2 Pin=R7-1
Added Net: Name=NetLED7_2
Added Pin To Net: NetName=NetLED8_2 Pin=LED8-2
Added Pin To Net: NetName=NetLED8_2 Pin=R8-1
Added Net: Name=NetLED8_2
Added Pin To Net: NetName=NetLED9_2 Pin=LED9-2
Added Pin To Net: NetName=NetLED9_2 Pin=R9-1
Added Net: Name=NetLED9_2
Added Pin To Net: NetName=NetLED10_2 Pin=LED10-2
Added Pin To Net: NetName=NetLED10_2 Pin=R10-1
Added Net: Name=NetLED10_2
Added Pin To Net: NetName=NetLED11_2 Pin=LED11-2
Added Pin To Net: NetName=NetLED11_2 Pin=R11-1
Added Net: Name=NetLED11_2
Added Pin To Net: NetName=NetLED12_2 Pin=LED12-2
Added Pin To Net: NetName=NetLED12_2 Pin=R14-1
Added Net: Name=NetLED12_2
Added Pin To Net: NetName=NetLED13_2 Pin=LED13-2
Added Pin To Net: NetName=NetLED13_2 Pin=R17-1
Added Net: Name=NetLED13_2
Added Pin To Net: NetName=NetLED14_1 Pin=LED14-1
Added Pin To Net: NetName=NetLED14_1 Pin=R15-2
Added Pin To Net: NetName=NetLED14_1 Pin=R18-2
Added Pin To Net: NetName=NetLED14_1 Pin=R21-2
Added Net: Name=NetLED14_1
Added Pin To Net: NetName=NetLED14_2 Pin=LED14-2
Added Pin To Net: NetName=NetLED14_2 Pin=U1-1
Added Net: Name=NetLED14_2
Added Pin To Net: NetName=NetLED15_1 Pin=LED15-1
Added Pin To Net: NetName=NetLED15_1 Pin=R16-2
Added Pin To Net: NetName=NetLED15_1 Pin=R19-2
Added Pin To Net: NetName=NetLED15_1 Pin=R22-2
Added Net: Name=NetLED15_1
Added Pin To Net: NetName=NetLED15_2 Pin=LED15-2
Added Pin To Net: NetName=NetLED15_2 Pin=U2-1
Added Net: Name=NetLED15_2
Added Pin To Net: NetName=NetLED16_2 Pin=LED16-2
Added Pin To Net: NetName=NetLED16_2 Pin=R20-1
Added Net: Name=NetLED16_2
Added Pin To Net: NetName=NetLED17_1 Pin=LED17-1
Added Pin To Net: NetName=NetLED17_1 Pin=R25-2
Added Pin To Net: NetName=NetLED17_1 Pin=R27-2
Added Pin To Net: NetName=NetLED17_1 Pin=R29-2
Added Net: Name=NetLED17_1
Added Pin To Net: NetName=NetLED17_2 Pin=LED17-2
Added Pin To Net: NetName=NetLED17_2 Pin=U3-1
Added Net: Name=NetLED17_2
Added Pin To Net: NetName=NetLED18_1 Pin=LED18-1
Added Pin To Net: NetName=NetLED18_1 Pin=R26-2
Added Pin To Net: NetName=NetLED18_1 Pin=R28-2
Added Pin To Net: NetName=NetLED18_1 Pin=R30-2
Added Net: Name=NetLED18_1
Added Pin To Net: NetName=NetLED18_2 Pin=LED18-2
Added Pin To Net: NetName=NetLED18_2 Pin=U4-1
Added Net: Name=NetLED18_2
Added Pin To Net: NetName=NetLED19_1 Pin=LED19-1
Added Pin To Net: NetName=NetLED19_1 Pin=R33-2
Added Pin To Net: NetName=NetLED19_1 Pin=R35-2
Added Pin To Net: NetName=NetLED19_1 Pin=R37-2
Added Net: Name=NetLED19_1
Added Pin To Net: NetName=NetLED19_2 Pin=LED19-2
Added Pin To Net: NetName=NetLED19_2 Pin=U5-1
Added Net: Name=NetLED19_2
Added Pin To Net: NetName=NetLED20_1 Pin=LED20-1
Added Pin To Net: NetName=NetLED20_1 Pin=R34-2
Added Pin To Net: NetName=NetLED20_1 Pin=R36-2
Added Pin To Net: NetName=NetLED20_1 Pin=R38-2
Added Net: Name=NetLED20_1
Added Pin To Net: NetName=NetLED20_2 Pin=LED20-2
Added Pin To Net: NetName=NetLED20_2 Pin=U6-1
Added Net: Name=NetLED20_2
Added Pin To Net: NetName=NetLED21_1 Pin=LED21-1
Added Pin To Net: NetName=NetLED21_1 Pin=R41-2
Added Pin To Net: NetName=NetLED21_1 Pin=R43-2
Added Pin To Net: NetName=NetLED21_1 Pin=R45-2
Added Net: Name=NetLED21_1
Added Pin To Net: NetName=NetLED21_2 Pin=LED21-2
Added Pin To Net: NetName=NetLED21_2 Pin=U7-1
Added Net: Name=NetLED21_2
Added Pin To Net: NetName=NetLED22_1 Pin=LED22-1
Added Pin To Net: NetName=NetLED22_1 Pin=R42-2
Added Pin To Net: NetName=NetLED22_1 Pin=R44-2
Added Pin To Net: NetName=NetLED22_1 Pin=R46-2
Added Net: Name=NetLED22_1
Added Pin To Net: NetName=NetLED22_2 Pin=LED22-2
Added Pin To Net: NetName=NetLED22_2 Pin=U8-1
Added Net: Name=NetLED22_2
Added Pin To Net: NetName=NetLED23_1 Pin=LED23-1
Added Pin To Net: NetName=NetLED23_1 Pin=R49-2
Added Pin To Net: NetName=NetLED23_1 Pin=R51-2
Added Pin To Net: NetName=NetLED23_1 Pin=R53-2
Added Net: Name=NetLED23_1
Added Pin To Net: NetName=NetLED23_2 Pin=LED23-2
Added Pin To Net: NetName=NetLED23_2 Pin=U9-1
Added Net: Name=NetLED23_2
Added Pin To Net: NetName=NetLED24_1 Pin=LED24-1
Added Pin To Net: NetName=NetLED24_1 Pin=R50-2
Added Pin To Net: NetName=NetLED24_1 Pin=R52-2
Added Pin To Net: NetName=NetLED24_1 Pin=R54-2
Added Net: Name=NetLED24_1
Added Pin To Net: NetName=NetLED24_2 Pin=LED24-2
Added Pin To Net: NetName=NetLED24_2 Pin=U10-1
Added Net: Name=NetLED24_2
Added Pin To Net: NetName=NetLED25_2 Pin=LED25-2
Added Pin To Net: NetName=NetLED25_2 Pin=R58-1
Added Net: Name=NetLED25_2
Added Pin To Net: NetName=NetP?_4 Pin=P?-4
Added Pin To Net: NetName=NetP?_4 Pin=R12-1
Added Pin To Net: NetName=NetP?_4 Pin=U1-4
Added Net: Name=NetP?_4
Added Pin To Net: NetName=NetP?_5 Pin=P?-5
Added Pin To Net: NetName=NetP?_5 Pin=R23-1
Added Pin To Net: NetName=NetP?_5 Pin=U3-4
Added Net: Name=NetP?_5
Added Pin To Net: NetName=NetP?_5V@2 Pin=P?-5V@2
Added Pin To Net: NetName=NetP?_5V@2 Pin=R48-1
Added Pin To Net: NetName=NetP?_5V@2 Pin=U10-4
Added Net: Name=NetP?_5V@2
Added Pin To Net: NetName=NetP?_6 Pin=P?-6
Added Pin To Net: NetName=NetP?_6 Pin=R31-1
Added Pin To Net: NetName=NetP?_6 Pin=U5-4
Added Net: Name=NetP?_6
Added Pin To Net: NetName=NetP?_7 Pin=P?-7
Added Pin To Net: NetName=NetP?_7 Pin=R39-1
Added Pin To Net: NetName=NetP?_7 Pin=U7-4
Added Net: Name=NetP?_7
Added Pin To Net: NetName=NetP?_8 Pin=P?-8
Added Pin To Net: NetName=NetP?_8 Pin=R47-1
Added Pin To Net: NetName=NetP?_8 Pin=U9-4
Added Net: Name=NetP?_8
Added Pin To Net: NetName=NetP?_9 Pin=P?-9
Added Pin To Net: NetName=NetP?_9 Pin=R13-1
Added Pin To Net: NetName=NetP?_9 Pin=U2-4
Added Net: Name=NetP?_9
Added Pin To Net: NetName=NetP?_10 Pin=P?-10
Added Pin To Net: NetName=NetP?_10 Pin=R24-1
Added Pin To Net: NetName=NetP?_10 Pin=U4-4
Added Net: Name=NetP?_10
Added Pin To Net: NetName=NetP?_11 Pin=P?-11
Added Pin To Net: NetName=NetP?_11 Pin=R32-1
Added Pin To Net: NetName=NetP?_11 Pin=U6-4
Added Net: Name=NetP?_11
Added Pin To Net: NetName=NetP?_12 Pin=P?-12
Added Pin To Net: NetName=NetP?_12 Pin=R40-1
Added Pin To Net: NetName=NetP?_12 Pin=U8-4
Added Net: Name=NetP?_12
Added Class: Name=Controller_Writting
Added Room: Name=Controller_Writting
