Removed Pin From Net: NetName=GND Pin=C5-1
Removed Pin From Net: NetName=NetC5_2 Pin=C5-2
Removed Pin From Net: NetName=GND Pin=C6-1
Removed Pin From Net: NetName=NetC6_2 Pin=C6-2
Removed Pin From Net: NetName=GND Pin=C7-1
Removed Pin From Net: NetName=NetC7_2 Pin=C7-2
Removed Pin From Net: NetName=NetC11_2 Pin=C11-2
Removed Pin From Net: NetName=NetC12_2 Pin=C12-2
Removed Pin From Net: NetName=NetC13_2 Pin=C13-2
Change Component Designator: OldDesignator=C9 NewDesignator=C15
Change Component Designator: OldDesignator=C10 NewDesignator=C16
Change Component Designator: OldDesignator=C14 NewDesignator=C5
Change Component Designator: OldDesignator=C15 NewDesignator=C6
Change Component Designator: OldDesignator=C16 NewDesignator=C7
Added Component: Designator=C9(CAP_0805)
Add component (AddParameter): Name = "LatestRevisionDate"; Value = "17-Jul-2002"; VariantName = "[No Variations]"
Add component (AddParameter): Name = "LatestRevisionNote"; Value = "Re-released for DXP Platform."; VariantName = "[No Variations]"
Add component (AddParameter): Name = "PackageReference"; Value = "RAD-0.3"; VariantName = "[No Variations]"
Add component (AddParameter): Name = "Published"; Value = "8-Jun-2000"; VariantName = "[No Variations]"
Add component (AddParameter): Name = "Publisher"; Value = "Altium Limited"; VariantName = "[No Variations]"
Add component (AddParameter): Name = "Value"; Value = "100nF"; VariantName = "[No Variations]"
Added Component: Designator=C10(CAP_0805)
Add component (AddParameter): Name = "LatestRevisionDate"; Value = "17-Jul-2002"; VariantName = "[No Variations]"
Add component (AddParameter): Name = "LatestRevisionNote"; Value = "Re-released for DXP Platform."; VariantName = "[No Variations]"
Add component (AddParameter): Name = "PackageReference"; Value = "RAD-0.3"; VariantName = "[No Variations]"
Add component (AddParameter): Name = "Published"; Value = "8-Jun-2000"; VariantName = "[No Variations]"
Add component (AddParameter): Name = "Publisher"; Value = "Altium Limited"; VariantName = "[No Variations]"
Add component (AddParameter): Name = "Value"; Value = "100nF"; VariantName = "[No Variations]"
Added Component: Designator=C14(CAP_0805)
Add component (AddParameter): Name = "LatestRevisionDate"; Value = "17-Jul-2002"; VariantName = "[No Variations]"
Add component (AddParameter): Name = "LatestRevisionNote"; Value = "Re-released for DXP Platform."; VariantName = "[No Variations]"
Add component (AddParameter): Name = "PackageReference"; Value = "RAD-0.3"; VariantName = "[No Variations]"
Add component (AddParameter): Name = "Published"; Value = "8-Jun-2000"; VariantName = "[No Variations]"
Add component (AddParameter): Name = "Publisher"; Value = "Altium Limited"; VariantName = "[No Variations]"
Add component (AddParameter): Name = "Value"; Value = "100nF"; VariantName = "[No Variations]"
Added Pin To Net: NetName=GND Pin=C9-1
Added Pin To Net: NetName=NetC11_2 Pin=C9-2
Added Pin To Net: NetName=GND Pin=C10-1
Added Pin To Net: NetName=NetC12_2 Pin=C10-2
Added Pin To Net: NetName=NetC13_2 Pin=C11-2
Added Pin To Net: NetName=NetC5_2 Pin=C12-2
Added Pin To Net: NetName=NetC6_2 Pin=C13-2
Added Pin To Net: NetName=GND Pin=C14-1
Added Pin To Net: NetName=NetC7_2 Pin=C14-2
Change Net Name : Old Net Name=NetC5_2 New Net Name=NetC12_2
Change Net Name : Old Net Name=NetC6_2 New Net Name=NetC13_2
Change Net Name : Old Net Name=NetC7_2 New Net Name=NetC14_2
Change Net Name : Old Net Name=NetC11_2 New Net Name=NetC9_2
Change Net Name : Old Net Name=NetC12_2 New Net Name=NetC10_2
Change Net Name : Old Net Name=NetC13_2 New Net Name=NetC11_2
Change Net Name : Old Net Name=NetC14_2 New Net Name=NetC5_2
Change Net Name : Old Net Name=NetC15_2 New Net Name=NetC6_2
Change Net Name : Old Net Name=NetC16_2 New Net Name=NetC7_2
Added Room: Name=Controller_Writting
